{"level":"error","message":"[ERROR] A review with the same content already exists","trace":"Error: A review with the same content already exists\n    at ExceptionsService.badRequestException (/Users/macmini/Desktop/projects/softyshop-backend/app/src/v1/core/errors/exceptions.ts:55:11)\n    at /Users/macmini/Desktop/projects/softyshop-backend/app/src/v1/usecases/api/review/createReview.usecase.ts:29:24\n    at processTicksAndRejections (node:internal/process/task_queues:95:5)\n    at async /Users/macmini/Desktop/projects/softyshop-backend/app/src/v1/presenters/controllers/api/review/createReview.controller.ts:11:20"}
{"level":"error","message":"[ERROR] A review with the same content already exists"}
{"level":"error","message":"[ERROR] Property \"cartProducts\" was not found in \"ProductEntity\". Make sure your query is correct.","trace":"EntityPropertyNotFoundError: Property \"cartProducts\" was not found in \"ProductEntity\". Make sure your query is correct.\n    at SelectQueryBuilder.buildWhere (/Users/macmini/Desktop/projects/softyshop-backend/node_modules/src/query-builder/SelectQueryBuilder.ts:4236:27)\n    at SelectQueryBuilder.buildWhere (/Users/macmini/Desktop/projects/softyshop-backend/node_modules/src/query-builder/SelectQueryBuilder.ts:4478:48)\n    at SelectQueryBuilder.applyFindOptions (/Users/macmini/Desktop/projects/softyshop-backend/node_modules/src/query-builder/SelectQueryBuilder.ts:3131:40)\n    at SelectQueryBuilder.setFindOptions (/Users/macmini/Desktop/projects/softyshop-backend/node_modules/src/query-builder/SelectQueryBuilder.ts:105:14)\n    at EntityManager.find (/Users/macmini/Desktop/projects/softyshop-backend/node_modules/src/entity-manager/EntityManager.ts:1082:14)\n    at Object.findAll (/Users/macmini/Desktop/projects/softyshop-backend/app/src/v1/data/repositories/review.repository.ts:32:40)\n    at /Users/macmini/Desktop/projects/softyshop-backend/app/src/v1/usecases/api/review/getAllProductReviews.usecase.ts:21:51\n    at processTicksAndRejections (node:internal/process/task_queues:95:5)\n    at async /Users/macmini/Desktop/projects/softyshop-backend/app/src/v1/presenters/controllers/api/review/getAllProductReviews.controller.ts:12:22"}
{"level":"error","message":"[ERROR] Property \"cartProducts\" was not found in \"ProductEntity\". Make sure your query is correct.","trace":"EntityPropertyNotFoundError: Property \"cartProducts\" was not found in \"ProductEntity\". Make sure your query is correct.\n    at SelectQueryBuilder.buildWhere (/Users/macmini/Desktop/projects/softyshop-backend/node_modules/src/query-builder/SelectQueryBuilder.ts:4236:27)\n    at SelectQueryBuilder.buildWhere (/Users/macmini/Desktop/projects/softyshop-backend/node_modules/src/query-builder/SelectQueryBuilder.ts:4478:48)\n    at SelectQueryBuilder.applyFindOptions (/Users/macmini/Desktop/projects/softyshop-backend/node_modules/src/query-builder/SelectQueryBuilder.ts:3131:40)\n    at SelectQueryBuilder.setFindOptions (/Users/macmini/Desktop/projects/softyshop-backend/node_modules/src/query-builder/SelectQueryBuilder.ts:105:14)\n    at EntityManager.find (/Users/macmini/Desktop/projects/softyshop-backend/node_modules/src/entity-manager/EntityManager.ts:1082:14)\n    at Object.findAll (/Users/macmini/Desktop/projects/softyshop-backend/app/src/v1/data/repositories/review.repository.ts:32:40)\n    at /Users/macmini/Desktop/projects/softyshop-backend/app/src/v1/usecases/api/review/getAllProductReviews.usecase.ts:21:51\n    at processTicksAndRejections (node:internal/process/task_queues:95:5)\n    at async /Users/macmini/Desktop/projects/softyshop-backend/app/src/v1/presenters/controllers/api/review/getAllProductReviews.controller.ts:12:22"}
{"level":"error","message":"[ERROR] RBAC! You Not Have Role to access this","trace":"Error: RBAC! You Not Have Role to access this\n    at ExceptionsService.unauthorizedException (/Users/macmini/Desktop/projects/softyshop-backend/app/src/v1/core/errors/exceptions.ts:58:11)\n    at /Users/macmini/Desktop/projects/softyshop-backend/app/src/v1/presenters/middlewares/auth/restrictTo.middleware.ts:9:26\n    at Layer.handle [as handle_request] (/Users/macmini/Desktop/projects/softyshop-backend/node_modules/express/lib/router/layer.js:95:5)\n    at next (/Users/macmini/Desktop/projects/softyshop-backend/node_modules/express/lib/router/route.js:144:13)\n    at Route.dispatch (/Users/macmini/Desktop/projects/softyshop-backend/node_modules/express/lib/router/route.js:114:3)\n    at Layer.handle [as handle_request] (/Users/macmini/Desktop/projects/softyshop-backend/node_modules/express/lib/router/layer.js:95:5)\n    at /Users/macmini/Desktop/projects/softyshop-backend/node_modules/express/lib/router/index.js:284:15\n    at Function.process_params (/Users/macmini/Desktop/projects/softyshop-backend/node_modules/express/lib/router/index.js:346:12)\n    at next (/Users/macmini/Desktop/projects/softyshop-backend/node_modules/express/lib/router/index.js:280:10)\n    at isAuthentictedMiddleware (/Users/macmini/Desktop/projects/softyshop-backend/app/src/v1/presenters/middlewares/auth/isAuthenticated.middleware.ts:46:5)"}
{"level":"error","message":"[ERROR] RBAC! You Not Have Role to access this"}
{"level":"error","message":"[ERROR] Review not found with id 1","trace":"Error: Review not found with id 1\n    at ExceptionsService.notFoundException (/Users/macmini/Desktop/projects/softyshop-backend/app/src/v1/core/errors/exceptions.ts:61:11)\n    at /Users/macmini/Desktop/projects/softyshop-backend/app/src/v1/presenters/controllers/api/review/updateReview.controller.ts:19:26\n    at processTicksAndRejections (node:internal/process/task_queues:95:5)"}
{"level":"error","message":"[ERROR] Review not found with id 1"}
{"level":"error","message":"[ERROR] Validation Error","trace":"Error: Validation Error\n    at ExceptionsService.unprocessabhleEntityException (/Users/macmini/Desktop/projects/softyshop-backend/app/src/v1/core/errors/exceptions.ts:67:11)\n    at validatePayloadSchema (/Users/macmini/Desktop/projects/softyshop-backend/app/src/v1/utils/validation/validate.schema.ts:37:24)\n    at trimAndValidateSchemaPayload (/Users/macmini/Desktop/projects/softyshop-backend/app/src/v1/utils/validation/validate.schema.ts:10:24)\n    at validateCreateProductPayload (/Users/macmini/Desktop/projects/softyshop-backend/app/src/v1/usecases/api/product/createProduct.usecase.ts:46:31)\n    at /Users/macmini/Desktop/projects/softyshop-backend/app/src/v1/usecases/api/product/createProduct.usecase.ts:23:5\n    at /Users/macmini/Desktop/projects/softyshop-backend/app/src/v1/presenters/controllers/api/product/createProduct.controller.ts:26:28\n    at processTicksAndRejections (node:internal/process/task_queues:95:5)"}
{"level":"error","message":"[ERROR] Validation Error"}
{"level":"error","message":"[ERROR] brand not found","trace":"Error: brand not found\n    at Object.createProduct (/Users/macmini/Desktop/projects/softyshop-backend/app/src/v1/data/repositories/product.repository.ts:54:13)\n    at processTicksAndRejections (node:internal/process/task_queues:95:5)\n    at async /Users/macmini/Desktop/projects/softyshop-backend/app/src/v1/usecases/api/product/createProduct.usecase.ts:24:28\n    at async /Users/macmini/Desktop/projects/softyshop-backend/app/src/v1/presenters/controllers/api/product/createProduct.controller.ts:26:22"}
{"level":"error","message":"[ERROR] brand not found","trace":"Error: brand not found\n    at ExceptionsService.notFoundException (/Users/macmini/Desktop/projects/softyshop-backend/app/src/v1/core/errors/exceptions.ts:61:11)\n    at Object.createProduct (/Users/macmini/Desktop/projects/softyshop-backend/app/src/v1/data/repositories/product.repository.ts:57:24)\n    at processTicksAndRejections (node:internal/process/task_queues:95:5)\n    at async /Users/macmini/Desktop/projects/softyshop-backend/app/src/v1/usecases/api/product/createProduct.usecase.ts:24:28\n    at async /Users/macmini/Desktop/projects/softyshop-backend/app/src/v1/presenters/controllers/api/product/createProduct.controller.ts:26:22"}
{"level":"error","message":"[ERROR] brand not found"}
{"level":"error","message":"[ERROR] store not found","trace":"Error: store not found\n    at ExceptionsService.notFoundException (/Users/macmini/Desktop/projects/softyshop-backend/app/src/v1/core/errors/exceptions.ts:61:11)\n    at Object.createProduct (/Users/macmini/Desktop/projects/softyshop-backend/app/src/v1/data/repositories/product.repository.ts:47:24)\n    at processTicksAndRejections (node:internal/process/task_queues:95:5)\n    at async /Users/macmini/Desktop/projects/softyshop-backend/app/src/v1/usecases/api/product/createProduct.usecase.ts:24:28\n    at async /Users/macmini/Desktop/projects/softyshop-backend/app/src/v1/presenters/controllers/api/product/createProduct.controller.ts:26:22"}
{"level":"error","message":"[ERROR] store not found"}
{"level":"error","message":"[ERROR] brand not found","trace":"Error: brand not found\n    at ExceptionsService.notFoundException (/Users/macmini/Desktop/projects/softyshop-backend/app/src/v1/core/errors/exceptions.ts:61:11)\n    at Object.createProduct (/Users/macmini/Desktop/projects/softyshop-backend/app/src/v1/data/repositories/product.repository.ts:57:24)\n    at processTicksAndRejections (node:internal/process/task_queues:95:5)\n    at async /Users/macmini/Desktop/projects/softyshop-backend/app/src/v1/usecases/api/product/createProduct.usecase.ts:24:28\n    at async /Users/macmini/Desktop/projects/softyshop-backend/app/src/v1/presenters/controllers/api/product/createProduct.controller.ts:26:22"}
{"level":"error","message":"[ERROR] brand not found"}
{"level":"error","message":"[ERROR] creator not found","trace":"Error: creator not found\n    at ExceptionsService.notFoundException (/Users/macmini/Desktop/projects/softyshop-backend/app/src/v1/core/errors/exceptions.ts:61:11)\n    at Object.createProduct (/Users/macmini/Desktop/projects/softyshop-backend/app/src/v1/data/repositories/product.repository.ts:67:24)\n    at processTicksAndRejections (node:internal/process/task_queues:95:5)\n    at async /Users/macmini/Desktop/projects/softyshop-backend/app/src/v1/usecases/api/product/createProduct.usecase.ts:24:28\n    at async /Users/macmini/Desktop/projects/softyshop-backend/app/src/v1/presenters/controllers/api/product/createProduct.controller.ts:26:22"}
{"level":"error","message":"[ERROR] creator not found"}
{"level":"error","message":"[ERROR] category not found","trace":"Error: category not found\n    at ExceptionsService.notFoundException (/Users/macmini/Desktop/projects/softyshop-backend/app/src/v1/core/errors/exceptions.ts:61:11)\n    at Object.createProduct (/Users/macmini/Desktop/projects/softyshop-backend/app/src/v1/data/repositories/product.repository.ts:77:24)\n    at processTicksAndRejections (node:internal/process/task_queues:95:5)\n    at async /Users/macmini/Desktop/projects/softyshop-backend/app/src/v1/usecases/api/product/createProduct.usecase.ts:24:28\n    at async /Users/macmini/Desktop/projects/softyshop-backend/app/src/v1/presenters/controllers/api/product/createProduct.controller.ts:26:22"}
{"level":"error","message":"[ERROR] category not found"}
{"level":"error","message":"[ERROR] Validation Error","trace":"Error: Validation Error\n    at ExceptionsService.unprocessabhleEntityException (/Users/macmini/Desktop/projects/softyshop-backend/app/src/v1/core/errors/exceptions.ts:67:11)\n    at validatePayloadSchema (/Users/macmini/Desktop/projects/softyshop-backend/app/src/v1/utils/validation/validate.schema.ts:37:24)\n    at trimAndValidateSchemaPayload (/Users/macmini/Desktop/projects/softyshop-backend/app/src/v1/utils/validation/validate.schema.ts:10:24)\n    at validateLoginPayload (/Users/macmini/Desktop/projects/softyshop-backend/app/src/v1/usecases/auth/login.usecase.ts:58:31)\n    at /Users/macmini/Desktop/projects/softyshop-backend/app/src/v1/usecases/auth/login.usecase.ts:31:5\n    at /Users/macmini/Desktop/projects/softyshop-backend/app/src/v1/presenters/controllers/auth/login.controller.ts:10:28\n    at Layer.handle [as handle_request] (/Users/macmini/Desktop/projects/softyshop-backend/node_modules/express/lib/router/layer.js:95:5)\n    at next (/Users/macmini/Desktop/projects/softyshop-backend/node_modules/express/lib/router/route.js:144:13)\n    at Route.dispatch (/Users/macmini/Desktop/projects/softyshop-backend/node_modules/express/lib/router/route.js:114:3)\n    at Layer.handle [as handle_request] (/Users/macmini/Desktop/projects/softyshop-backend/node_modules/express/lib/router/layer.js:95:5)"}
{"level":"error","message":"[ERROR] Validation Error"}
{"level":"error","message":"[ERROR] Validation Error","trace":"Error: Validation Error\n    at ExceptionsService.unprocessabhleEntityException (/Users/macmini/Desktop/projects/softyshop-backend/app/src/v1/core/errors/exceptions.ts:67:11)\n    at validatePayloadSchema (/Users/macmini/Desktop/projects/softyshop-backend/app/src/v1/utils/validation/validate.schema.ts:37:24)\n    at trimAndValidateSchemaPayload (/Users/macmini/Desktop/projects/softyshop-backend/app/src/v1/utils/validation/validate.schema.ts:10:24)\n    at validateLoginPayload (/Users/macmini/Desktop/projects/softyshop-backend/app/src/v1/usecases/auth/login.usecase.ts:58:31)\n    at /Users/macmini/Desktop/projects/softyshop-backend/app/src/v1/usecases/auth/login.usecase.ts:31:5\n    at /Users/macmini/Desktop/projects/softyshop-backend/app/src/v1/presenters/controllers/auth/login.controller.ts:10:28\n    at Layer.handle [as handle_request] (/Users/macmini/Desktop/projects/softyshop-backend/node_modules/express/lib/router/layer.js:95:5)\n    at next (/Users/macmini/Desktop/projects/softyshop-backend/node_modules/express/lib/router/route.js:144:13)\n    at Route.dispatch (/Users/macmini/Desktop/projects/softyshop-backend/node_modules/express/lib/router/route.js:114:3)\n    at Layer.handle [as handle_request] (/Users/macmini/Desktop/projects/softyshop-backend/node_modules/express/lib/router/layer.js:95:5)"}
{"level":"error","message":"[ERROR] Validation Error"}
{"level":"error","message":"[ERROR] Validation Error","trace":"Error: Validation Error\n    at ExceptionsService.unprocessabhleEntityException (/Users/macmini/Desktop/projects/softyshop-backend/app/src/v1/core/errors/exceptions.ts:67:11)\n    at validatePayloadSchema (/Users/macmini/Desktop/projects/softyshop-backend/app/src/v1/utils/validation/validate.schema.ts:37:24)\n    at trimAndValidateSchemaPayload (/Users/macmini/Desktop/projects/softyshop-backend/app/src/v1/utils/validation/validate.schema.ts:10:24)\n    at validateLoginPayload (/Users/macmini/Desktop/projects/softyshop-backend/app/src/v1/usecases/auth/login.usecase.ts:58:31)\n    at /Users/macmini/Desktop/projects/softyshop-backend/app/src/v1/usecases/auth/login.usecase.ts:31:5\n    at /Users/macmini/Desktop/projects/softyshop-backend/app/src/v1/presenters/controllers/auth/login.controller.ts:10:28\n    at Layer.handle [as handle_request] (/Users/macmini/Desktop/projects/softyshop-backend/node_modules/express/lib/router/layer.js:95:5)\n    at next (/Users/macmini/Desktop/projects/softyshop-backend/node_modules/express/lib/router/route.js:144:13)\n    at Route.dispatch (/Users/macmini/Desktop/projects/softyshop-backend/node_modules/express/lib/router/route.js:114:3)\n    at Layer.handle [as handle_request] (/Users/macmini/Desktop/projects/softyshop-backend/node_modules/express/lib/router/layer.js:95:5)"}
{"level":"error","message":"[ERROR] Validation Error"}
{"level":"error","message":"[ERROR] Validation Error","trace":"Error: Validation Error\n    at ExceptionsService.unprocessabhleEntityException (/Users/macmini/Desktop/projects/softyshop-backend/app/src/v1/core/errors/exceptions.ts:67:11)\n    at validatePayloadSchema (/Users/macmini/Desktop/projects/softyshop-backend/app/src/v1/utils/validation/validate.schema.ts:37:24)\n    at trimAndValidateSchemaPayload (/Users/macmini/Desktop/projects/softyshop-backend/app/src/v1/utils/validation/validate.schema.ts:10:24)\n    at validateLoginPayload (/Users/macmini/Desktop/projects/softyshop-backend/app/src/v1/usecases/auth/login.usecase.ts:58:31)\n    at /Users/macmini/Desktop/projects/softyshop-backend/app/src/v1/usecases/auth/login.usecase.ts:31:5\n    at /Users/macmini/Desktop/projects/softyshop-backend/app/src/v1/presenters/controllers/auth/login.controller.ts:10:28\n    at Layer.handle [as handle_request] (/Users/macmini/Desktop/projects/softyshop-backend/node_modules/express/lib/router/layer.js:95:5)\n    at next (/Users/macmini/Desktop/projects/softyshop-backend/node_modules/express/lib/router/route.js:144:13)\n    at Route.dispatch (/Users/macmini/Desktop/projects/softyshop-backend/node_modules/express/lib/router/route.js:114:3)\n    at Layer.handle [as handle_request] (/Users/macmini/Desktop/projects/softyshop-backend/node_modules/express/lib/router/layer.js:95:5)"}
{"level":"error","message":"[ERROR] Validation Error"}
{"level":"error","message":"[ERROR] jwt malformed","trace":"JsonWebTokenError: jwt malformed\n    at Object.module.exports [as verify] (/Users/macmini/Desktop/projects/softyshop-backend/node_modules/jsonwebtoken/verify.js:70:17)\n    at isAuthentictedMiddleware (/Users/macmini/Desktop/projects/softyshop-backend/app/src/v1/presenters/middlewares/auth/isAuthenticated.middleware.ts:32:43)\n    at Layer.handle [as handle_request] (/Users/macmini/Desktop/projects/softyshop-backend/node_modules/express/lib/router/layer.js:95:5)\n    at trim_prefix (/Users/macmini/Desktop/projects/softyshop-backend/node_modules/express/lib/router/index.js:328:13)\n    at /Users/macmini/Desktop/projects/softyshop-backend/node_modules/express/lib/router/index.js:286:9\n    at Function.process_params (/Users/macmini/Desktop/projects/softyshop-backend/node_modules/express/lib/router/index.js:346:12)\n    at next (/Users/macmini/Desktop/projects/softyshop-backend/node_modules/express/lib/router/index.js:280:10)\n    at Function.handle (/Users/macmini/Desktop/projects/softyshop-backend/node_modules/express/lib/router/index.js:175:3)\n    at router (/Users/macmini/Desktop/projects/softyshop-backend/node_modules/express/lib/router/index.js:47:12)\n    at Layer.handle [as handle_request] (/Users/macmini/Desktop/projects/softyshop-backend/node_modules/express/lib/router/layer.js:95:5)"}
{"level":"error","message":"[ERROR] jwt malformed","trace":"JsonWebTokenError: jwt malformed\n    at Object.module.exports [as verify] (/Users/macmini/Desktop/projects/softyshop-backend/node_modules/jsonwebtoken/verify.js:70:17)\n    at isAuthentictedMiddleware (/Users/macmini/Desktop/projects/softyshop-backend/app/src/v1/presenters/middlewares/auth/isAuthenticated.middleware.ts:32:43)\n    at Layer.handle [as handle_request] (/Users/macmini/Desktop/projects/softyshop-backend/node_modules/express/lib/router/layer.js:95:5)\n    at trim_prefix (/Users/macmini/Desktop/projects/softyshop-backend/node_modules/express/lib/router/index.js:328:13)\n    at /Users/macmini/Desktop/projects/softyshop-backend/node_modules/express/lib/router/index.js:286:9\n    at Function.process_params (/Users/macmini/Desktop/projects/softyshop-backend/node_modules/express/lib/router/index.js:346:12)\n    at next (/Users/macmini/Desktop/projects/softyshop-backend/node_modules/express/lib/router/index.js:280:10)\n    at Function.handle (/Users/macmini/Desktop/projects/softyshop-backend/node_modules/express/lib/router/index.js:175:3)\n    at router (/Users/macmini/Desktop/projects/softyshop-backend/node_modules/express/lib/router/index.js:47:12)\n    at Layer.handle [as handle_request] (/Users/macmini/Desktop/projects/softyshop-backend/node_modules/express/lib/router/layer.js:95:5)"}
{"level":"error","message":"[ERROR] jwt malformed","trace":"JsonWebTokenError: jwt malformed\n    at Object.module.exports [as verify] (/Users/macmini/Desktop/projects/softyshop-backend/node_modules/jsonwebtoken/verify.js:70:17)\n    at isAuthentictedMiddleware (/Users/macmini/Desktop/projects/softyshop-backend/app/src/v1/presenters/middlewares/auth/isAuthenticated.middleware.ts:32:43)\n    at Layer.handle [as handle_request] (/Users/macmini/Desktop/projects/softyshop-backend/node_modules/express/lib/router/layer.js:95:5)\n    at trim_prefix (/Users/macmini/Desktop/projects/softyshop-backend/node_modules/express/lib/router/index.js:328:13)\n    at /Users/macmini/Desktop/projects/softyshop-backend/node_modules/express/lib/router/index.js:286:9\n    at Function.process_params (/Users/macmini/Desktop/projects/softyshop-backend/node_modules/express/lib/router/index.js:346:12)\n    at next (/Users/macmini/Desktop/projects/softyshop-backend/node_modules/express/lib/router/index.js:280:10)\n    at Function.handle (/Users/macmini/Desktop/projects/softyshop-backend/node_modules/express/lib/router/index.js:175:3)\n    at router (/Users/macmini/Desktop/projects/softyshop-backend/node_modules/express/lib/router/index.js:47:12)\n    at Layer.handle [as handle_request] (/Users/macmini/Desktop/projects/softyshop-backend/node_modules/express/lib/router/layer.js:95:5)"}
{"level":"error","message":"[ERROR] jwt malformed","trace":"JsonWebTokenError: jwt malformed\n    at Object.module.exports [as verify] (/Users/macmini/Desktop/projects/softyshop-backend/node_modules/jsonwebtoken/verify.js:70:17)\n    at isAuthentictedMiddleware (/Users/macmini/Desktop/projects/softyshop-backend/app/src/v1/presenters/middlewares/auth/isAuthenticated.middleware.ts:32:43)\n    at Layer.handle [as handle_request] (/Users/macmini/Desktop/projects/softyshop-backend/node_modules/express/lib/router/layer.js:95:5)\n    at trim_prefix (/Users/macmini/Desktop/projects/softyshop-backend/node_modules/express/lib/router/index.js:328:13)\n    at /Users/macmini/Desktop/projects/softyshop-backend/node_modules/express/lib/router/index.js:286:9\n    at Function.process_params (/Users/macmini/Desktop/projects/softyshop-backend/node_modules/express/lib/router/index.js:346:12)\n    at next (/Users/macmini/Desktop/projects/softyshop-backend/node_modules/express/lib/router/index.js:280:10)\n    at Function.handle (/Users/macmini/Desktop/projects/softyshop-backend/node_modules/express/lib/router/index.js:175:3)\n    at router (/Users/macmini/Desktop/projects/softyshop-backend/node_modules/express/lib/router/index.js:47:12)\n    at Layer.handle [as handle_request] (/Users/macmini/Desktop/projects/softyshop-backend/node_modules/express/lib/router/layer.js:95:5)"}
{"level":"error","message":"[ERROR] A store With The Given Name Already Exists","trace":"Error: A store With The Given Name Already Exists\n    at ExceptionsService.badRequestException (/Users/macmini/Desktop/projects/softyshop-backend/app/src/v1/core/errors/exceptions.ts:55:11)\n    at /Users/macmini/Desktop/projects/softyshop-backend/app/src/v1/usecases/api/store/createStore.usecase.ts:27:24\n    at processTicksAndRejections (node:internal/process/task_queues:95:5)\n    at async /Users/macmini/Desktop/projects/softyshop-backend/app/src/v1/presenters/controllers/api/store/createStore.controller.ts:11:22"}
{"level":"error","message":"[ERROR] A store With The Given Name Already Exists"}
{"level":"error","message":"[ERROR] A store With The Given Name Already Exists","trace":"Error: A store With The Given Name Already Exists\n    at ExceptionsService.badRequestException (/Users/macmini/Desktop/projects/softyshop-backend/app/src/v1/core/errors/exceptions.ts:55:11)\n    at /Users/macmini/Desktop/projects/softyshop-backend/app/src/v1/usecases/api/store/createStore.usecase.ts:27:24\n    at processTicksAndRejections (node:internal/process/task_queues:95:5)\n    at async /Users/macmini/Desktop/projects/softyshop-backend/app/src/v1/presenters/controllers/api/store/createStore.controller.ts:11:22"}
{"level":"error","message":"[ERROR] A store With The Given Name Already Exists"}
{"level":"error","message":"[ERROR] An Account With The Given Email Already Exists","trace":"Error: An Account With The Given Email Already Exists\n    at ExceptionsService.badRequestException (/Users/macmini/Desktop/projects/softyshop-backend/app/src/v1/core/errors/exceptions.ts:55:11)\n    at /Users/macmini/Desktop/projects/softyshop-backend/app/src/v1/usecases/auth/register.usecase.ts:41:24\n    at processTicksAndRejections (node:internal/process/task_queues:95:5)\n    at async /Users/macmini/Desktop/projects/softyshop-backend/app/src/v1/presenters/controllers/auth/register.controller.ts:16:20\n    at async /Users/macmini/Desktop/projects/softyshop-backend/app/src/v1/presenters/middlewares/controllers/transactional.controller.ts:13:9\n    at async EntityManager.transaction (/Users/macmini/Desktop/projects/softyshop-backend/node_modules/src/entity-manager/EntityManager.ts:154:28)\n    at async /Users/macmini/Desktop/projects/softyshop-backend/app/src/v1/presenters/middlewares/controllers/transactional.controller.ts:11:7"}
{"level":"error","message":"[ERROR] An Account With The Given Email Already Exists"}
{"level":"error","message":"[ERROR] An Account With The Given Email Already Exists","trace":"Error: An Account With The Given Email Already Exists\n    at ExceptionsService.badRequestException (/Users/macmini/Desktop/projects/softyshop-backend/app/src/v1/core/errors/exceptions.ts:55:11)\n    at /Users/macmini/Desktop/projects/softyshop-backend/app/src/v1/usecases/auth/register.usecase.ts:41:24\n    at processTicksAndRejections (node:internal/process/task_queues:95:5)\n    at async /Users/macmini/Desktop/projects/softyshop-backend/app/src/v1/presenters/controllers/auth/register.controller.ts:16:20\n    at async /Users/macmini/Desktop/projects/softyshop-backend/app/src/v1/presenters/middlewares/controllers/transactional.controller.ts:13:9\n    at async EntityManager.transaction (/Users/macmini/Desktop/projects/softyshop-backend/node_modules/src/entity-manager/EntityManager.ts:154:28)\n    at async /Users/macmini/Desktop/projects/softyshop-backend/app/src/v1/presenters/middlewares/controllers/transactional.controller.ts:11:7"}
{"level":"error","message":"[ERROR] An Account With The Given Email Already Exists"}
{"level":"error","message":"[ERROR] Validation Error","trace":"Error: Validation Error\n    at ExceptionsService.unprocessabhleEntityException (/Users/macmini/Desktop/projects/softyshop-backend/app/src/v1/core/errors/exceptions.ts:67:11)\n    at validatePayloadSchema (/Users/macmini/Desktop/projects/softyshop-backend/app/src/v1/utils/validation/validate.schema.ts:37:24)\n    at trimAndValidateSchemaPayload (/Users/macmini/Desktop/projects/softyshop-backend/app/src/v1/utils/validation/validate.schema.ts:10:24)\n    at validateRegisterPayload (/Users/macmini/Desktop/projects/softyshop-backend/app/src/v1/usecases/auth/register.usecase.ts:78:31)\n    at /Users/macmini/Desktop/projects/softyshop-backend/app/src/v1/usecases/auth/register.usecase.ts:36:5\n    at /Users/macmini/Desktop/projects/softyshop-backend/app/src/v1/presenters/controllers/auth/register.controller.ts:16:26\n    at /Users/macmini/Desktop/projects/softyshop-backend/app/src/v1/presenters/middlewares/controllers/transactional.controller.ts:13:31\n    at EntityManager.transaction (/Users/macmini/Desktop/projects/softyshop-backend/node_modules/src/entity-manager/EntityManager.ts:154:34)\n    at processTicksAndRejections (node:internal/process/task_queues:95:5)\n    at async /Users/macmini/Desktop/projects/softyshop-backend/app/src/v1/presenters/middlewares/controllers/transactional.controller.ts:11:7"}
{"level":"error","message":"[ERROR] Validation Error"}
{"level":"error","message":"[ERROR] Validation Error","trace":"Error: Validation Error\n    at ExceptionsService.unprocessabhleEntityException (/Users/macmini/Desktop/projects/softyshop-backend/app/src/v1/core/errors/exceptions.ts:67:11)\n    at validatePayloadSchema (/Users/macmini/Desktop/projects/softyshop-backend/app/src/v1/utils/validation/validate.schema.ts:37:24)\n    at trimAndValidateSchemaPayload (/Users/macmini/Desktop/projects/softyshop-backend/app/src/v1/utils/validation/validate.schema.ts:10:24)\n    at validateRegisterPayload (/Users/macmini/Desktop/projects/softyshop-backend/app/src/v1/usecases/auth/register.usecase.ts:78:31)\n    at /Users/macmini/Desktop/projects/softyshop-backend/app/src/v1/usecases/auth/register.usecase.ts:36:5\n    at /Users/macmini/Desktop/projects/softyshop-backend/app/src/v1/presenters/controllers/auth/register.controller.ts:16:26\n    at /Users/macmini/Desktop/projects/softyshop-backend/app/src/v1/presenters/middlewares/controllers/transactional.controller.ts:13:31\n    at EntityManager.transaction (/Users/macmini/Desktop/projects/softyshop-backend/node_modules/src/entity-manager/EntityManager.ts:154:34)\n    at processTicksAndRejections (node:internal/process/task_queues:95:5)\n    at async /Users/macmini/Desktop/projects/softyshop-backend/app/src/v1/presenters/middlewares/controllers/transactional.controller.ts:11:7"}
{"level":"error","message":"[ERROR] Validation Error"}
{"level":"error","message":"[ERROR] Validation Error","trace":"Error: Validation Error\n    at ExceptionsService.unprocessabhleEntityException (/Users/macmini/Desktop/projects/softyshop-backend/app/src/v1/core/errors/exceptions.ts:67:11)\n    at validatePayloadSchema (/Users/macmini/Desktop/projects/softyshop-backend/app/src/v1/utils/validation/validate.schema.ts:37:24)\n    at trimAndValidateSchemaPayload (/Users/macmini/Desktop/projects/softyshop-backend/app/src/v1/utils/validation/validate.schema.ts:10:24)\n    at validateRegisterPayload (/Users/macmini/Desktop/projects/softyshop-backend/app/src/v1/usecases/auth/register.usecase.ts:78:31)\n    at /Users/macmini/Desktop/projects/softyshop-backend/app/src/v1/usecases/auth/register.usecase.ts:36:5\n    at /Users/macmini/Desktop/projects/softyshop-backend/app/src/v1/presenters/controllers/auth/register.controller.ts:16:26\n    at /Users/macmini/Desktop/projects/softyshop-backend/app/src/v1/presenters/middlewares/controllers/transactional.controller.ts:13:31\n    at EntityManager.transaction (/Users/macmini/Desktop/projects/softyshop-backend/node_modules/src/entity-manager/EntityManager.ts:154:34)\n    at processTicksAndRejections (node:internal/process/task_queues:95:5)\n    at async /Users/macmini/Desktop/projects/softyshop-backend/app/src/v1/presenters/middlewares/controllers/transactional.controller.ts:11:7"}
{"level":"error","message":"[ERROR] Validation Error"}
{"level":"error","message":"[ERROR] Validation Error","trace":"Error: Validation Error\n    at ExceptionsService.unprocessabhleEntityException (/Users/macmini/Desktop/projects/softyshop-backend/app/src/v1/core/errors/exceptions.ts:67:11)\n    at validatePayloadSchema (/Users/macmini/Desktop/projects/softyshop-backend/app/src/v1/utils/validation/validate.schema.ts:37:24)\n    at trimAndValidateSchemaPayload (/Users/macmini/Desktop/projects/softyshop-backend/app/src/v1/utils/validation/validate.schema.ts:10:24)\n    at validateRegisterPayload (/Users/macmini/Desktop/projects/softyshop-backend/app/src/v1/usecases/auth/register.usecase.ts:78:31)\n    at /Users/macmini/Desktop/projects/softyshop-backend/app/src/v1/usecases/auth/register.usecase.ts:36:5\n    at /Users/macmini/Desktop/projects/softyshop-backend/app/src/v1/presenters/controllers/auth/register.controller.ts:16:26\n    at /Users/macmini/Desktop/projects/softyshop-backend/app/src/v1/presenters/middlewares/controllers/transactional.controller.ts:13:31\n    at EntityManager.transaction (/Users/macmini/Desktop/projects/softyshop-backend/node_modules/src/entity-manager/EntityManager.ts:154:34)\n    at processTicksAndRejections (node:internal/process/task_queues:95:5)\n    at async /Users/macmini/Desktop/projects/softyshop-backend/app/src/v1/presenters/middlewares/controllers/transactional.controller.ts:11:7"}
{"level":"error","message":"[ERROR] Validation Error"}
{"level":"error","message":"[ERROR] Validation Error","trace":"Error: Validation Error\n    at ExceptionsService.unprocessabhleEntityException (/Users/macmini/Desktop/projects/softyshop-backend/app/src/v1/core/errors/exceptions.ts:67:11)\n    at validatePayloadSchema (/Users/macmini/Desktop/projects/softyshop-backend/app/src/v1/utils/validation/validate.schema.ts:37:24)\n    at trimAndValidateSchemaPayload (/Users/macmini/Desktop/projects/softyshop-backend/app/src/v1/utils/validation/validate.schema.ts:10:24)\n    at validateRegisterPayload (/Users/macmini/Desktop/projects/softyshop-backend/app/src/v1/usecases/auth/register.usecase.ts:78:31)\n    at /Users/macmini/Desktop/projects/softyshop-backend/app/src/v1/usecases/auth/register.usecase.ts:36:5\n    at /Users/macmini/Desktop/projects/softyshop-backend/app/src/v1/presenters/controllers/auth/register.controller.ts:16:26\n    at /Users/macmini/Desktop/projects/softyshop-backend/app/src/v1/presenters/middlewares/controllers/transactional.controller.ts:13:31\n    at EntityManager.transaction (/Users/macmini/Desktop/projects/softyshop-backend/node_modules/src/entity-manager/EntityManager.ts:154:34)\n    at processTicksAndRejections (node:internal/process/task_queues:95:5)\n    at async /Users/macmini/Desktop/projects/softyshop-backend/app/src/v1/presenters/middlewares/controllers/transactional.controller.ts:11:7"}
{"level":"error","message":"[ERROR] Validation Error"}
{"level":"error","message":"[ERROR] Validation Error","trace":"Error: Validation Error\n    at ExceptionsService.unprocessabhleEntityException (/Users/macmini/Desktop/projects/softyshop-backend/app/src/v1/core/errors/exceptions.ts:67:11)\n    at validatePayloadSchema (/Users/macmini/Desktop/projects/softyshop-backend/app/src/v1/utils/validation/validate.schema.ts:37:24)\n    at trimAndValidateSchemaPayload (/Users/macmini/Desktop/projects/softyshop-backend/app/src/v1/utils/validation/validate.schema.ts:10:24)\n    at validateRegisterPayload (/Users/macmini/Desktop/projects/softyshop-backend/app/src/v1/usecases/auth/register.usecase.ts:78:31)\n    at /Users/macmini/Desktop/projects/softyshop-backend/app/src/v1/usecases/auth/register.usecase.ts:36:5\n    at /Users/macmini/Desktop/projects/softyshop-backend/app/src/v1/presenters/controllers/auth/register.controller.ts:16:26\n    at /Users/macmini/Desktop/projects/softyshop-backend/app/src/v1/presenters/middlewares/controllers/transactional.controller.ts:13:31\n    at EntityManager.transaction (/Users/macmini/Desktop/projects/softyshop-backend/node_modules/src/entity-manager/EntityManager.ts:154:34)\n    at processTicksAndRejections (node:internal/process/task_queues:95:5)\n    at async /Users/macmini/Desktop/projects/softyshop-backend/app/src/v1/presenters/middlewares/controllers/transactional.controller.ts:11:7"}
{"level":"error","message":"[ERROR] Validation Error"}
{"level":"error","message":"[ERROR] Validation Error","trace":"Error: Validation Error\n    at ExceptionsService.unprocessabhleEntityException (/Users/macmini/Desktop/projects/softyshop-backend/app/src/v1/core/errors/exceptions.ts:67:11)\n    at validatePayloadSchema (/Users/macmini/Desktop/projects/softyshop-backend/app/src/v1/utils/validation/validate.schema.ts:37:24)\n    at trimAndValidateSchemaPayload (/Users/macmini/Desktop/projects/softyshop-backend/app/src/v1/utils/validation/validate.schema.ts:10:24)\n    at validateRegisterPayload (/Users/macmini/Desktop/projects/softyshop-backend/app/src/v1/usecases/auth/register.usecase.ts:78:31)\n    at /Users/macmini/Desktop/projects/softyshop-backend/app/src/v1/usecases/auth/register.usecase.ts:36:5\n    at /Users/macmini/Desktop/projects/softyshop-backend/app/src/v1/presenters/controllers/auth/register.controller.ts:16:26\n    at /Users/macmini/Desktop/projects/softyshop-backend/app/src/v1/presenters/middlewares/controllers/transactional.controller.ts:13:31\n    at EntityManager.transaction (/Users/macmini/Desktop/projects/softyshop-backend/node_modules/src/entity-manager/EntityManager.ts:154:34)\n    at processTicksAndRejections (node:internal/process/task_queues:95:5)\n    at async /Users/macmini/Desktop/projects/softyshop-backend/app/src/v1/presenters/middlewares/controllers/transactional.controller.ts:11:7"}
{"level":"error","message":"[ERROR] Validation Error"}
{"level":"error","message":"[ERROR] Validation Error","trace":"Error: Validation Error\n    at ExceptionsService.unprocessabhleEntityException (/Users/macmini/Desktop/projects/softyshop-backend/app/src/v1/core/errors/exceptions.ts:67:11)\n    at validatePayloadSchema (/Users/macmini/Desktop/projects/softyshop-backend/app/src/v1/utils/validation/validate.schema.ts:37:24)\n    at trimAndValidateSchemaPayload (/Users/macmini/Desktop/projects/softyshop-backend/app/src/v1/utils/validation/validate.schema.ts:10:24)\n    at validateRegisterPayload (/Users/macmini/Desktop/projects/softyshop-backend/app/src/v1/usecases/auth/register.usecase.ts:78:31)\n    at /Users/macmini/Desktop/projects/softyshop-backend/app/src/v1/usecases/auth/register.usecase.ts:36:5\n    at /Users/macmini/Desktop/projects/softyshop-backend/app/src/v1/presenters/controllers/auth/register.controller.ts:16:26\n    at /Users/macmini/Desktop/projects/softyshop-backend/app/src/v1/presenters/middlewares/controllers/transactional.controller.ts:13:31\n    at EntityManager.transaction (/Users/macmini/Desktop/projects/softyshop-backend/node_modules/src/entity-manager/EntityManager.ts:154:34)\n    at processTicksAndRejections (node:internal/process/task_queues:95:5)\n    at async /Users/macmini/Desktop/projects/softyshop-backend/app/src/v1/presenters/middlewares/controllers/transactional.controller.ts:11:7"}
{"level":"error","message":"[ERROR] Validation Error"}
{"level":"error","message":"[ERROR] Validation Error","trace":"Error: Validation Error\n    at ExceptionsService.unprocessabhleEntityException (/Users/macmini/Desktop/projects/softyshop-backend/app/src/v1/core/errors/exceptions.ts:67:11)\n    at validatePayloadSchema (/Users/macmini/Desktop/projects/softyshop-backend/app/src/v1/utils/validation/validate.schema.ts:37:24)\n    at trimAndValidateSchemaPayload (/Users/macmini/Desktop/projects/softyshop-backend/app/src/v1/utils/validation/validate.schema.ts:10:24)\n    at validateRegisterPayload (/Users/macmini/Desktop/projects/softyshop-backend/app/src/v1/usecases/auth/register.usecase.ts:78:31)\n    at /Users/macmini/Desktop/projects/softyshop-backend/app/src/v1/usecases/auth/register.usecase.ts:36:5\n    at /Users/macmini/Desktop/projects/softyshop-backend/app/src/v1/presenters/controllers/auth/register.controller.ts:16:26\n    at /Users/macmini/Desktop/projects/softyshop-backend/app/src/v1/presenters/middlewares/controllers/transactional.controller.ts:13:31\n    at EntityManager.transaction (/Users/macmini/Desktop/projects/softyshop-backend/node_modules/src/entity-manager/EntityManager.ts:154:34)\n    at processTicksAndRejections (node:internal/process/task_queues:95:5)\n    at async /Users/macmini/Desktop/projects/softyshop-backend/app/src/v1/presenters/middlewares/controllers/transactional.controller.ts:11:7"}
{"level":"error","message":"[ERROR] Validation Error"}
{"level":"error","message":"[ERROR] Validation Error","trace":"Error: Validation Error\n    at ExceptionsService.unprocessabhleEntityException (/Users/macmini/Desktop/projects/softyshop-backend/app/src/v1/core/errors/exceptions.ts:67:11)\n    at validatePayloadSchema (/Users/macmini/Desktop/projects/softyshop-backend/app/src/v1/utils/validation/validate.schema.ts:37:24)\n    at trimAndValidateSchemaPayload (/Users/macmini/Desktop/projects/softyshop-backend/app/src/v1/utils/validation/validate.schema.ts:10:24)\n    at validateRegisterPayload (/Users/macmini/Desktop/projects/softyshop-backend/app/src/v1/usecases/auth/register.usecase.ts:78:31)\n    at /Users/macmini/Desktop/projects/softyshop-backend/app/src/v1/usecases/auth/register.usecase.ts:36:5\n    at /Users/macmini/Desktop/projects/softyshop-backend/app/src/v1/presenters/controllers/auth/register.controller.ts:16:26\n    at /Users/macmini/Desktop/projects/softyshop-backend/app/src/v1/presenters/middlewares/controllers/transactional.controller.ts:13:31\n    at EntityManager.transaction (/Users/macmini/Desktop/projects/softyshop-backend/node_modules/src/entity-manager/EntityManager.ts:154:34)\n    at processTicksAndRejections (node:internal/process/task_queues:95:5)\n    at async /Users/macmini/Desktop/projects/softyshop-backend/app/src/v1/presenters/middlewares/controllers/transactional.controller.ts:11:7"}
{"level":"error","message":"[ERROR] Validation Error"}
{"level":"error","message":"[ERROR] Validation Error","trace":"Error: Validation Error\n    at ExceptionsService.unprocessabhleEntityException (/Users/macmini/Desktop/projects/softyshop-backend/app/src/v1/core/errors/exceptions.ts:67:11)\n    at validatePayloadSchema (/Users/macmini/Desktop/projects/softyshop-backend/app/src/v1/utils/validation/validate.schema.ts:37:24)\n    at trimAndValidateSchemaPayload (/Users/macmini/Desktop/projects/softyshop-backend/app/src/v1/utils/validation/validate.schema.ts:10:24)\n    at validateRegisterPayload (/Users/macmini/Desktop/projects/softyshop-backend/app/src/v1/usecases/auth/register.usecase.ts:78:31)\n    at /Users/macmini/Desktop/projects/softyshop-backend/app/src/v1/usecases/auth/register.usecase.ts:36:5\n    at /Users/macmini/Desktop/projects/softyshop-backend/app/src/v1/presenters/controllers/auth/register.controller.ts:16:26\n    at /Users/macmini/Desktop/projects/softyshop-backend/app/src/v1/presenters/middlewares/controllers/transactional.controller.ts:13:31\n    at EntityManager.transaction (/Users/macmini/Desktop/projects/softyshop-backend/node_modules/src/entity-manager/EntityManager.ts:154:34)\n    at processTicksAndRejections (node:internal/process/task_queues:95:5)\n    at async /Users/macmini/Desktop/projects/softyshop-backend/app/src/v1/presenters/middlewares/controllers/transactional.controller.ts:11:7"}
{"level":"error","message":"[ERROR] Validation Error"}
{"level":"error","message":"[ERROR] An Account With The Given Email Already Exists","trace":"Error: An Account With The Given Email Already Exists\n    at ExceptionsService.badRequestException (/Users/macmini/Desktop/projects/softyshop-backend/app/src/v1/core/errors/exceptions.ts:55:11)\n    at /Users/macmini/Desktop/projects/softyshop-backend/app/src/v1/usecases/auth/register.usecase.ts:41:24\n    at processTicksAndRejections (node:internal/process/task_queues:95:5)\n    at async /Users/macmini/Desktop/projects/softyshop-backend/app/src/v1/presenters/controllers/auth/register.controller.ts:16:20\n    at async /Users/macmini/Desktop/projects/softyshop-backend/app/src/v1/presenters/middlewares/controllers/transactional.controller.ts:13:9\n    at async EntityManager.transaction (/Users/macmini/Desktop/projects/softyshop-backend/node_modules/src/entity-manager/EntityManager.ts:154:28)\n    at async /Users/macmini/Desktop/projects/softyshop-backend/app/src/v1/presenters/middlewares/controllers/transactional.controller.ts:11:7"}
{"level":"error","message":"[ERROR] An Account With The Given Email Already Exists"}
