{"level":"error","message":"[ERROR] RBAC! You Not Have Role to access this","trace":"Error: RBAC! You Not Have Role to access this\n    at ExceptionsService.unauthorizedException (/Users/macmini/Desktop/projects/softyshop-backend/app/src/v1/core/errors/exceptions.ts:59:11)\n    at /Users/macmini/Desktop/projects/softyshop-backend/app/src/v1/presenters/middlewares/auth/restrictTo.middleware.ts:10:26\n    at Layer.handle [as handle_request] (/Users/macmini/Desktop/projects/softyshop-backend/node_modules/express/lib/router/layer.js:95:5)\n    at next (/Users/macmini/Desktop/projects/softyshop-backend/node_modules/express/lib/router/route.js:144:13)\n    at Route.dispatch (/Users/macmini/Desktop/projects/softyshop-backend/node_modules/express/lib/router/route.js:114:3)\n    at Layer.handle [as handle_request] (/Users/macmini/Desktop/projects/softyshop-backend/node_modules/express/lib/router/layer.js:95:5)\n    at /Users/macmini/Desktop/projects/softyshop-backend/node_modules/express/lib/router/index.js:284:15\n    at Function.process_params (/Users/macmini/Desktop/projects/softyshop-backend/node_modules/express/lib/router/index.js:346:12)\n    at next (/Users/macmini/Desktop/projects/softyshop-backend/node_modules/express/lib/router/index.js:280:10)\n    at isAuthentictedMiddleware (/Users/macmini/Desktop/projects/softyshop-backend/app/src/v1/presenters/middlewares/auth/isAuthenticated.middleware.ts:47:5)"}
{"level":"error","message":"[ERROR] RBAC! You Not Have Role to access this"}
{"level":"error","message":"[ERROR] Validation Error","trace":"Error: Validation Error\n    at ExceptionsService.unprocessabhleEntityException (/Users/macmini/Desktop/projects/softyshop-backend/app/src/v1/core/errors/exceptions.ts:68:11)\n    at /Users/macmini/Desktop/projects/softyshop-backend/app/src/v1/presenters/middlewares/schemas/validateSchema.middleware.ts:39:26\n    at Layer.handle [as handle_request] (/Users/macmini/Desktop/projects/softyshop-backend/node_modules/express/lib/router/layer.js:95:5)\n    at next (/Users/macmini/Desktop/projects/softyshop-backend/node_modules/express/lib/router/route.js:144:13)\n    at next (/Users/macmini/Desktop/projects/softyshop-backend/node_modules/express/lib/router/route.js:140:7)\n    at next (/Users/macmini/Desktop/projects/softyshop-backend/node_modules/express/lib/router/route.js:140:7)\n    at Route.dispatch (/Users/macmini/Desktop/projects/softyshop-backend/node_modules/express/lib/router/route.js:114:3)\n    at Layer.handle [as handle_request] (/Users/macmini/Desktop/projects/softyshop-backend/node_modules/express/lib/router/layer.js:95:5)\n    at /Users/macmini/Desktop/projects/softyshop-backend/node_modules/express/lib/router/index.js:284:15\n    at Function.process_params (/Users/macmini/Desktop/projects/softyshop-backend/node_modules/express/lib/router/index.js:346:12)"}
{"level":"error","message":"[ERROR] Validation Error"}
{"level":"error","message":"[ERROR] Validation Error","trace":"Error: Validation Error\n    at ExceptionsService.unprocessabhleEntityException (/Users/macmini/Desktop/projects/softyshop-backend/app/src/v1/core/errors/exceptions.ts:68:11)\n    at /Users/macmini/Desktop/projects/softyshop-backend/app/src/v1/presenters/middlewares/schemas/validateSchema.middleware.ts:39:26\n    at Layer.handle [as handle_request] (/Users/macmini/Desktop/projects/softyshop-backend/node_modules/express/lib/router/layer.js:95:5)\n    at next (/Users/macmini/Desktop/projects/softyshop-backend/node_modules/express/lib/router/route.js:144:13)\n    at next (/Users/macmini/Desktop/projects/softyshop-backend/node_modules/express/lib/router/route.js:140:7)\n    at next (/Users/macmini/Desktop/projects/softyshop-backend/node_modules/express/lib/router/route.js:140:7)\n    at Route.dispatch (/Users/macmini/Desktop/projects/softyshop-backend/node_modules/express/lib/router/route.js:114:3)\n    at Layer.handle [as handle_request] (/Users/macmini/Desktop/projects/softyshop-backend/node_modules/express/lib/router/layer.js:95:5)\n    at /Users/macmini/Desktop/projects/softyshop-backend/node_modules/express/lib/router/index.js:284:15\n    at Function.process_params (/Users/macmini/Desktop/projects/softyshop-backend/node_modules/express/lib/router/index.js:346:12)"}
{"level":"error","message":"[ERROR] Validation Error"}
{"level":"error","message":"[ERROR] Duplicate entry '25252225' for key 'stores.IDX_eacde8977879662638947df58c'","trace":"QueryFailedError: Duplicate entry '25252225' for key 'stores.IDX_eacde8977879662638947df58c'\n    at Query.onResult (/Users/macmini/Desktop/projects/softyshop-backend/node_modules/typeorm/src/driver/mysql/MysqlQueryRunner.ts:222:33)\n    at Query.execute (/Users/macmini/Desktop/projects/softyshop-backend/node_modules/mysql2/lib/commands/command.js:36:14)\n    at PoolConnection.handlePacket (/Users/macmini/Desktop/projects/softyshop-backend/node_modules/mysql2/lib/connection.js:478:34)\n    at PacketParser.onPacket (/Users/macmini/Desktop/projects/softyshop-backend/node_modules/mysql2/lib/connection.js:97:12)\n    at PacketParser.executeStart (/Users/macmini/Desktop/projects/softyshop-backend/node_modules/mysql2/lib/packet_parser.js:75:16)\n    at Socket.<anonymous> (/Users/macmini/Desktop/projects/softyshop-backend/node_modules/mysql2/lib/connection.js:104:25)\n    at Socket.emit (node:events:518:28)\n    at Socket.emit (node:domain:488:12)\n    at addChunk (node:internal/streams/readable:559:12)\n    at readableAddChunkPushByteMode (node:internal/streams/readable:510:3)"}
{"level":"error","message":"[ERROR] Duplicate entry '25252225' for key 'stores.IDX_eacde8977879662638947df58c'","trace":"QueryFailedError: Duplicate entry '25252225' for key 'stores.IDX_eacde8977879662638947df58c'\n    at Query.onResult (/Users/macmini/Desktop/projects/softyshop-backend/node_modules/typeorm/src/driver/mysql/MysqlQueryRunner.ts:222:33)\n    at Query.execute (/Users/macmini/Desktop/projects/softyshop-backend/node_modules/mysql2/lib/commands/command.js:36:14)\n    at PoolConnection.handlePacket (/Users/macmini/Desktop/projects/softyshop-backend/node_modules/mysql2/lib/connection.js:478:34)\n    at PacketParser.onPacket (/Users/macmini/Desktop/projects/softyshop-backend/node_modules/mysql2/lib/connection.js:97:12)\n    at PacketParser.executeStart (/Users/macmini/Desktop/projects/softyshop-backend/node_modules/mysql2/lib/packet_parser.js:75:16)\n    at Socket.<anonymous> (/Users/macmini/Desktop/projects/softyshop-backend/node_modules/mysql2/lib/connection.js:104:25)\n    at Socket.emit (node:events:518:28)\n    at Socket.emit (node:domain:488:12)\n    at addChunk (node:internal/streams/readable:559:12)\n    at readableAddChunkPushByteMode (node:internal/streams/readable:510:3)"}
{"level":"error","message":"[ERROR] Validation Error","trace":"Error: Validation Error\n    at ExceptionsService.unprocessabhleEntityException (/Users/macmini/Desktop/projects/softyshop-backend/app/src/v1/core/errors/exceptions.ts:68:11)\n    at /Users/macmini/Desktop/projects/softyshop-backend/app/src/v1/presenters/middlewares/schemas/validateSchema.middleware.ts:39:26\n    at Layer.handle [as handle_request] (/Users/macmini/Desktop/projects/softyshop-backend/node_modules/express/lib/router/layer.js:95:5)\n    at next (/Users/macmini/Desktop/projects/softyshop-backend/node_modules/express/lib/router/route.js:144:13)\n    at next (/Users/macmini/Desktop/projects/softyshop-backend/node_modules/express/lib/router/route.js:140:7)\n    at next (/Users/macmini/Desktop/projects/softyshop-backend/node_modules/express/lib/router/route.js:140:7)\n    at Route.dispatch (/Users/macmini/Desktop/projects/softyshop-backend/node_modules/express/lib/router/route.js:114:3)\n    at Layer.handle [as handle_request] (/Users/macmini/Desktop/projects/softyshop-backend/node_modules/express/lib/router/layer.js:95:5)\n    at /Users/macmini/Desktop/projects/softyshop-backend/node_modules/express/lib/router/index.js:284:15\n    at Function.process_params (/Users/macmini/Desktop/projects/softyshop-backend/node_modules/express/lib/router/index.js:346:12)"}
{"level":"error","message":"[ERROR] Validation Error"}
{"level":"error","message":"[ERROR] Validation Error","trace":"Error: Validation Error\n    at ExceptionsService.unprocessabhleEntityException (/Users/macmini/Desktop/projects/softyshop-backend/app/src/v1/core/errors/exceptions.ts:68:11)\n    at validatePayloadSchema (/Users/macmini/Desktop/projects/softyshop-backend/app/src/v1/utils/validation/validate.schema.ts:37:24)\n    at trimAndValidateSchemaPayload (/Users/macmini/Desktop/projects/softyshop-backend/app/src/v1/utils/validation/validate.schema.ts:10:24)\n    at validateCreateProductPayload (/Users/macmini/Desktop/projects/softyshop-backend/app/src/v1/usecases/api/product/createProduct.usecase.ts:44:31)\n    at /Users/macmini/Desktop/projects/softyshop-backend/app/src/v1/usecases/api/product/createProduct.usecase.ts:23:5\n    at /Users/macmini/Desktop/projects/softyshop-backend/app/src/v1/presenters/controllers/api/product/createProduct.controller.ts:49:28\n    at processTicksAndRejections (node:internal/process/task_queues:95:5)"}
{"level":"error","message":"[ERROR] Validation Error"}
{"level":"error","message":"[ERROR] Field 'publishedAt' doesn't have a default value","trace":"QueryFailedError: Field 'publishedAt' doesn't have a default value\n    at Query.onResult (/Users/macmini/Desktop/projects/softyshop-backend/node_modules/typeorm/src/driver/mysql/MysqlQueryRunner.ts:222:33)\n    at Query.execute (/Users/macmini/Desktop/projects/softyshop-backend/node_modules/mysql2/lib/commands/command.js:36:14)\n    at PoolConnection.handlePacket (/Users/macmini/Desktop/projects/softyshop-backend/node_modules/mysql2/lib/connection.js:478:34)\n    at PacketParser.onPacket (/Users/macmini/Desktop/projects/softyshop-backend/node_modules/mysql2/lib/connection.js:97:12)\n    at PacketParser.executeStart (/Users/macmini/Desktop/projects/softyshop-backend/node_modules/mysql2/lib/packet_parser.js:75:16)\n    at Socket.<anonymous> (/Users/macmini/Desktop/projects/softyshop-backend/node_modules/mysql2/lib/connection.js:104:25)\n    at Socket.emit (node:events:518:28)\n    at Socket.emit (node:domain:488:12)\n    at addChunk (node:internal/streams/readable:559:12)\n    at readableAddChunkPushByteMode (node:internal/streams/readable:510:3)"}
{"level":"error","message":"[ERROR] Validation Error","trace":"Error: Validation Error\n    at ExceptionsService.unprocessabhleEntityException (/Users/macmini/Desktop/projects/softyshop-backend/app/src/v1/core/errors/exceptions.ts:68:11)\n    at validatePayloadSchema (/Users/macmini/Desktop/projects/softyshop-backend/app/src/v1/utils/validation/validate.schema.ts:37:24)\n    at trimAndValidateSchemaPayload (/Users/macmini/Desktop/projects/softyshop-backend/app/src/v1/utils/validation/validate.schema.ts:10:24)\n    at validateCreateBrandPayload (/Users/macmini/Desktop/projects/softyshop-backend/app/src/v1/usecases/api/brands/createBrand.usecase.ts:48:31)\n    at /Users/macmini/Desktop/projects/softyshop-backend/app/src/v1/usecases/api/brands/createBrand.usecase.ts:33:5\n    at /Users/macmini/Desktop/projects/softyshop-backend/app/src/v1/presenters/controllers/api/product/createProduct.controller.ts:20:53\n    at processTicksAndRejections (node:internal/process/task_queues:95:5)"}
{"level":"error","message":"[ERROR] Validation Error"}
{"level":"error","message":"[ERROR] Product brand not found","trace":"Error: Product brand not found\n    at ExceptionsService.badRequestException (/Users/macmini/Desktop/projects/softyshop-backend/app/src/v1/core/errors/exceptions.ts:56:11)\n    at /Users/macmini/Desktop/projects/softyshop-backend/app/src/v1/presenters/controllers/api/product/createProduct.controller.ts:19:26\n    at processTicksAndRejections (node:internal/process/task_queues:95:5)"}
{"level":"error","message":"[ERROR] Product brand not found"}
{"level":"error","message":"[ERROR] Product brand not found","trace":"Error: Product brand not found\n    at ExceptionsService.badRequestException (/Users/macmini/Desktop/projects/softyshop-backend/app/src/v1/core/errors/exceptions.ts:56:11)\n    at /Users/macmini/Desktop/projects/softyshop-backend/app/src/v1/presenters/controllers/api/product/createProduct.controller.ts:19:26\n    at processTicksAndRejections (node:internal/process/task_queues:95:5)"}
{"level":"error","message":"[ERROR] Product brand not found"}
{"level":"error","message":"[ERROR] Product brand not found","trace":"Error: Product brand not found\n    at ExceptionsService.badRequestException (/Users/macmini/Desktop/projects/softyshop-backend/app/src/v1/core/errors/exceptions.ts:56:11)\n    at /Users/macmini/Desktop/projects/softyshop-backend/app/src/v1/presenters/controllers/api/product/createProduct.controller.ts:19:26\n    at processTicksAndRejections (node:internal/process/task_queues:95:5)"}
{"level":"error","message":"[ERROR] Product brand not found"}
{"level":"error","message":"[ERROR] Product creator not found","trace":"Error: Product creator not found\n    at ExceptionsService.badRequestException (/Users/macmini/Desktop/projects/softyshop-backend/app/src/v1/core/errors/exceptions.ts:56:11)\n    at /Users/macmini/Desktop/projects/softyshop-backend/app/src/v1/presenters/controllers/api/product/createProduct.controller.ts:28:26\n    at processTicksAndRejections (node:internal/process/task_queues:95:5)"}
{"level":"error","message":"[ERROR] Product creator not found"}
{"level":"error","message":"[ERROR] Validation Error","trace":"Error: Validation Error\n    at ExceptionsService.unprocessabhleEntityException (/Users/macmini/Desktop/projects/softyshop-backend/app/src/v1/core/errors/exceptions.ts:68:11)\n    at validatePayloadSchema (/Users/macmini/Desktop/projects/softyshop-backend/app/src/v1/utils/validation/validate.schema.ts:37:24)\n    at trimAndValidateSchemaPayload (/Users/macmini/Desktop/projects/softyshop-backend/app/src/v1/utils/validation/validate.schema.ts:10:24)\n    at validateCreateProductCreatorPayload (/Users/macmini/Desktop/projects/softyshop-backend/app/src/v1/usecases/api/productCreator/createProductCreator.usecase.ts:43:31)\n    at /Users/macmini/Desktop/projects/softyshop-backend/app/src/v1/usecases/api/productCreator/createProductCreator.usecase.ts:27:5\n    at /Users/macmini/Desktop/projects/softyshop-backend/app/src/v1/presenters/controllers/api/productCreator/createproductCreator.controller.ts:11:28\n    at Layer.handle [as handle_request] (/Users/macmini/Desktop/projects/softyshop-backend/node_modules/express/lib/router/layer.js:95:5)\n    at next (/Users/macmini/Desktop/projects/softyshop-backend/node_modules/express/lib/router/route.js:144:13)\n    at Route.dispatch (/Users/macmini/Desktop/projects/softyshop-backend/node_modules/express/lib/router/route.js:114:3)\n    at Layer.handle [as handle_request] (/Users/macmini/Desktop/projects/softyshop-backend/node_modules/express/lib/router/layer.js:95:5)"}
{"level":"error","message":"[ERROR] Validation Error"}
{"level":"error","message":"[ERROR] Product Creator not found","trace":"Error: Product Creator not found\n    at ExceptionsService.notFoundException (/Users/macmini/Desktop/projects/softyshop-backend/app/src/v1/core/errors/exceptions.ts:62:11)\n    at /Users/macmini/Desktop/projects/softyshop-backend/app/src/v1/usecases/api/productCreator/deleteProductCreator.usecase.ts:17:24\n    at processTicksAndRejections (node:internal/process/task_queues:95:5)\n    at async /Users/macmini/Desktop/projects/softyshop-backend/app/src/v1/presenters/controllers/api/productCreator/deleteProductCreator.controller.ts:11:22"}
{"level":"error","message":"[ERROR] Product Creator not found"}
{"level":"error","message":"[ERROR] Product Creator not found","trace":"Error: Product Creator not found\n    at ExceptionsService.notFoundException (/Users/macmini/Desktop/projects/softyshop-backend/app/src/v1/core/errors/exceptions.ts:62:11)\n    at /Users/macmini/Desktop/projects/softyshop-backend/app/src/v1/usecases/api/productCreator/deleteProductCreator.usecase.ts:19:24\n    at processTicksAndRejections (node:internal/process/task_queues:95:5)\n    at async /Users/macmini/Desktop/projects/softyshop-backend/app/src/v1/presenters/controllers/api/productCreator/deleteProductCreator.controller.ts:11:22"}
{"level":"error","message":"[ERROR] Product Creator not found"}
{"level":"error","message":"[ERROR] Validation Error","trace":"Error: Validation Error\n    at ExceptionsService.unprocessabhleEntityException (/Users/macmini/Desktop/projects/softyshop-backend/app/src/v1/core/errors/exceptions.ts:68:11)\n    at validatePayloadSchema (/Users/macmini/Desktop/projects/softyshop-backend/app/src/v1/utils/validation/validate.schema.ts:37:24)\n    at trimAndValidateSchemaPayload (/Users/macmini/Desktop/projects/softyshop-backend/app/src/v1/utils/validation/validate.schema.ts:10:24)\n    at validateCreateBrandPayload (/Users/macmini/Desktop/projects/softyshop-backend/app/src/v1/usecases/api/brands/createBrand.usecase.ts:48:31)\n    at /Users/macmini/Desktop/projects/softyshop-backend/app/src/v1/usecases/api/brands/createBrand.usecase.ts:33:5\n    at /Users/macmini/Desktop/projects/softyshop-backend/app/src/v1/presenters/controllers/api/brands/createBrand.controller.ts:11:28\n    at Layer.handle [as handle_request] (/Users/macmini/Desktop/projects/softyshop-backend/node_modules/express/lib/router/layer.js:95:5)\n    at next (/Users/macmini/Desktop/projects/softyshop-backend/node_modules/express/lib/router/route.js:144:13)\n    at Route.dispatch (/Users/macmini/Desktop/projects/softyshop-backend/node_modules/express/lib/router/route.js:114:3)\n    at Layer.handle [as handle_request] (/Users/macmini/Desktop/projects/softyshop-backend/node_modules/express/lib/router/layer.js:95:5)"}
{"level":"error","message":"[ERROR] Validation Error"}
{"level":"error","message":"[ERROR] Brand not found","trace":"Error: Brand not found\n    at ExceptionsService.notFoundException (/Users/macmini/Desktop/projects/softyshop-backend/app/src/v1/core/errors/exceptions.ts:62:11)\n    at /Users/macmini/Desktop/projects/softyshop-backend/app/src/v1/usecases/api/brands/deleteBrand.usecase.ts:19:24\n    at processTicksAndRejections (node:internal/process/task_queues:95:5)\n    at async /Users/macmini/Desktop/projects/softyshop-backend/app/src/v1/presenters/controllers/api/brands/deleteBrand.controller.ts:11:22"}
{"level":"error","message":"[ERROR] Brand not found"}
{"level":"error","message":"[ERROR] No metadata for \"BrandEntity\" was found.","trace":"EntityMetadataNotFoundError: No metadata for \"BrandEntity\" was found.\n    at DataSource.getMetadata (/Users/macmini/Desktop/projects/softyshop-backend/node_modules/src/data-source/DataSource.ts:444:30)\n    at EntityManager.findOne (/Users/macmini/Desktop/projects/softyshop-backend/node_modules/src/entity-manager/EntityManager.ts:1173:42)\n    at Object.findOne (/Users/macmini/Desktop/projects/softyshop-backend/app/src/v1/data/repositories/brand.repository.ts:25:38)\n    at /Users/macmini/Desktop/projects/softyshop-backend/app/src/v1/usecases/api/brands/deleteBrand.usecase.ts:14:48\n    at /Users/macmini/Desktop/projects/softyshop-backend/app/src/v1/presenters/controllers/api/brands/deleteBrand.controller.ts:11:28\n    at Layer.handle [as handle_request] (/Users/macmini/Desktop/projects/softyshop-backend/node_modules/express/lib/router/layer.js:95:5)\n    at next (/Users/macmini/Desktop/projects/softyshop-backend/node_modules/express/lib/router/route.js:144:13)\n    at Route.dispatch (/Users/macmini/Desktop/projects/softyshop-backend/node_modules/express/lib/router/route.js:114:3)\n    at Layer.handle [as handle_request] (/Users/macmini/Desktop/projects/softyshop-backend/node_modules/express/lib/router/layer.js:95:5)\n    at /Users/macmini/Desktop/projects/softyshop-backend/node_modules/express/lib/router/index.js:284:15"}
{"level":"error","message":"[ERROR] A brand with the given name already exists","trace":"Error: A brand with the given name already exists\n    at ExceptionsService.badRequestException (/Users/macmini/Desktop/projects/softyshop-backend/app/src/v1/core/errors/exceptions.ts:56:11)\n    at /Users/macmini/Desktop/projects/softyshop-backend/app/src/v1/usecases/api/brands/createBrand.usecase.ts:31:24\n    at processTicksAndRejections (node:internal/process/task_queues:95:5)\n    at async /Users/macmini/Desktop/projects/softyshop-backend/app/src/v1/presenters/controllers/api/brands/createBrand.controller.ts:12:22"}
{"level":"error","message":"[ERROR] A brand with the given name already exists"}
{"level":"error","message":"[ERROR] Product not found","trace":"Error: Product not found\n    at Object.createBrand (/Users/macmini/Desktop/projects/softyshop-backend/app/src/v1/data/repositories/brand.repository.ts:40:13)\n    at processTicksAndRejections (node:internal/process/task_queues:95:5)\n    at async /Users/macmini/Desktop/projects/softyshop-backend/app/src/v1/usecases/api/brands/createBrand.usecase.ts:37:26\n    at async /Users/macmini/Desktop/projects/softyshop-backend/app/src/v1/presenters/controllers/api/brands/createBrand.controller.ts:12:22"}
{"level":"error","message":"[ERROR] Product not found","trace":"Error: Product not found\n    at Object.createBrand (/Users/macmini/Desktop/projects/softyshop-backend/app/src/v1/data/repositories/brand.repository.ts:40:13)\n    at processTicksAndRejections (node:internal/process/task_queues:95:5)\n    at async /Users/macmini/Desktop/projects/softyshop-backend/app/src/v1/usecases/api/brands/createBrand.usecase.ts:37:26\n    at async /Users/macmini/Desktop/projects/softyshop-backend/app/src/v1/presenters/controllers/api/brands/createBrand.controller.ts:12:22"}
{"level":"error","message":"[ERROR] Product not found","trace":"Error: Product not found\n    at Object.createBrand (/Users/macmini/Desktop/projects/softyshop-backend/app/src/v1/data/repositories/brand.repository.ts:40:13)\n    at processTicksAndRejections (node:internal/process/task_queues:95:5)\n    at async /Users/macmini/Desktop/projects/softyshop-backend/app/src/v1/usecases/api/brands/createBrand.usecase.ts:38:26\n    at async /Users/macmini/Desktop/projects/softyshop-backend/app/src/v1/presenters/controllers/api/brands/createBrand.controller.ts:12:22"}
{"level":"error","message":"[ERROR] A brand with the given name already exists","trace":"Error: A brand with the given name already exists\n    at ExceptionsService.badRequestException (/Users/macmini/Desktop/projects/softyshop-backend/app/src/v1/core/errors/exceptions.ts:56:11)\n    at /Users/macmini/Desktop/projects/softyshop-backend/app/src/v1/usecases/api/brands/createBrand.usecase.ts:32:24\n    at processTicksAndRejections (node:internal/process/task_queues:95:5)\n    at async /Users/macmini/Desktop/projects/softyshop-backend/app/src/v1/presenters/controllers/api/brands/createBrand.controller.ts:12:22"}
{"level":"error","message":"[ERROR] A brand with the given name already exists"}
{"level":"error","message":"[ERROR] Store not found","trace":"Error: Store not found\n    at Object.createBrand (/Users/macmini/Desktop/projects/softyshop-backend/app/src/v1/data/repositories/brand.repository.ts:42:13)\n    at processTicksAndRejections (node:internal/process/task_queues:95:5)\n    at async /Users/macmini/Desktop/projects/softyshop-backend/app/src/v1/usecases/api/brands/createBrand.usecase.ts:38:26\n    at async /Users/macmini/Desktop/projects/softyshop-backend/app/src/v1/presenters/controllers/api/brands/createBrand.controller.ts:12:22"}
{"level":"error","message":"[ERROR] Store not found","trace":"Error: Store not found\n    at ExceptionsService.badRequestException (/Users/macmini/Desktop/projects/softyshop-backend/app/src/v1/core/errors/exceptions.ts:56:11)\n    at Object.createBrand (/Users/macmini/Desktop/projects/softyshop-backend/app/src/v1/data/repositories/brand.repository.ts:43:24)\n    at processTicksAndRejections (node:internal/process/task_queues:95:5)\n    at async /Users/macmini/Desktop/projects/softyshop-backend/app/src/v1/usecases/api/brands/createBrand.usecase.ts:38:26\n    at async /Users/macmini/Desktop/projects/softyshop-backend/app/src/v1/presenters/controllers/api/brands/createBrand.controller.ts:12:22"}
{"level":"error","message":"[ERROR] Store not found"}
{"level":"error","message":"[ERROR] Validation Error","trace":"Error: Validation Error\n    at ExceptionsService.unprocessabhleEntityException (/Users/macmini/Desktop/projects/softyshop-backend/app/src/v1/core/errors/exceptions.ts:68:11)\n    at /Users/macmini/Desktop/projects/softyshop-backend/app/src/v1/presenters/middlewares/schemas/validateSchema.middleware.ts:39:26\n    at Layer.handle [as handle_request] (/Users/macmini/Desktop/projects/softyshop-backend/node_modules/express/lib/router/layer.js:95:5)\n    at next (/Users/macmini/Desktop/projects/softyshop-backend/node_modules/express/lib/router/route.js:144:13)\n    at next (/Users/macmini/Desktop/projects/softyshop-backend/node_modules/express/lib/router/route.js:140:7)\n    at next (/Users/macmini/Desktop/projects/softyshop-backend/node_modules/express/lib/router/route.js:140:7)\n    at Route.dispatch (/Users/macmini/Desktop/projects/softyshop-backend/node_modules/express/lib/router/route.js:114:3)\n    at Layer.handle [as handle_request] (/Users/macmini/Desktop/projects/softyshop-backend/node_modules/express/lib/router/layer.js:95:5)\n    at /Users/macmini/Desktop/projects/softyshop-backend/node_modules/express/lib/router/index.js:284:15\n    at Function.process_params (/Users/macmini/Desktop/projects/softyshop-backend/node_modules/express/lib/router/index.js:346:12)"}
{"level":"error","message":"[ERROR] Validation Error"}
{"level":"error","message":"[ERROR] RBAC! You Not Have Role to access this","trace":"Error: RBAC! You Not Have Role to access this\n    at ExceptionsService.unauthorizedException (/Users/macmini/Desktop/projects/softyshop-backend/app/src/v1/core/errors/exceptions.ts:59:11)\n    at /Users/macmini/Desktop/projects/softyshop-backend/app/src/v1/presenters/middlewares/auth/restrictTo.middleware.ts:10:26\n    at Layer.handle [as handle_request] (/Users/macmini/Desktop/projects/softyshop-backend/node_modules/express/lib/router/layer.js:95:5)\n    at next (/Users/macmini/Desktop/projects/softyshop-backend/node_modules/express/lib/router/route.js:144:13)\n    at Route.dispatch (/Users/macmini/Desktop/projects/softyshop-backend/node_modules/express/lib/router/route.js:114:3)\n    at Layer.handle [as handle_request] (/Users/macmini/Desktop/projects/softyshop-backend/node_modules/express/lib/router/layer.js:95:5)\n    at /Users/macmini/Desktop/projects/softyshop-backend/node_modules/express/lib/router/index.js:284:15\n    at Function.process_params (/Users/macmini/Desktop/projects/softyshop-backend/node_modules/express/lib/router/index.js:346:12)\n    at next (/Users/macmini/Desktop/projects/softyshop-backend/node_modules/express/lib/router/index.js:280:10)\n    at isAuthentictedMiddleware (/Users/macmini/Desktop/projects/softyshop-backend/app/src/v1/presenters/middlewares/auth/isAuthenticated.middleware.ts:46:5)"}
{"level":"error","message":"[ERROR] RBAC! You Not Have Role to access this"}
{"level":"error","message":"[ERROR] A store With The Given Name Already Exists","trace":"Error: A store With The Given Name Already Exists\n    at ExceptionsService.badRequestException (/Users/macmini/Desktop/projects/softyshop-backend/app/src/v1/core/errors/exceptions.ts:56:11)\n    at /Users/macmini/Desktop/projects/softyshop-backend/app/src/v1/usecases/api/store/createStore.usecase.ts:27:24\n    at processTicksAndRejections (node:internal/process/task_queues:95:5)\n    at async /Users/macmini/Desktop/projects/softyshop-backend/app/src/v1/presenters/controllers/api/store/createStore.controller.ts:11:22"}
{"level":"error","message":"[ERROR] A store With The Given Name Already Exists"}
{"level":"error","message":"[ERROR] Property \"vendor_id\" was not found in \"StoreEntity\". Make sure your query is correct.","trace":"EntityPropertyNotFoundError: Property \"vendor_id\" was not found in \"StoreEntity\". Make sure your query is correct.\n    at /Users/macmini/Desktop/projects/softyshop-backend/node_modules/src/query-builder/UpdateQueryBuilder.ts:500:31\n    at Array.forEach (<anonymous>)\n    at UpdateQueryBuilder.createUpdateExpression (/Users/macmini/Desktop/projects/softyshop-backend/node_modules/src/query-builder/UpdateQueryBuilder.ts:493:68)\n    at UpdateQueryBuilder.getQuery (/Users/macmini/Desktop/projects/softyshop-backend/node_modules/src/query-builder/UpdateQueryBuilder.ts:53:21)\n    at UpdateQueryBuilder.getQueryAndParameters (/Users/macmini/Desktop/projects/softyshop-backend/node_modules/src/query-builder/QueryBuilder.ts:507:28)\n    at UpdateQueryBuilder.execute (/Users/macmini/Desktop/projects/softyshop-backend/node_modules/src/query-builder/UpdateQueryBuilder.ts:142:50)\n    at processTicksAndRejections (node:internal/process/task_queues:95:5)\n    at async Object.updateStore (/Users/macmini/Desktop/projects/softyshop-backend/app/src/v1/data/repositories/store.repository.ts:68:5)\n    at async /Users/macmini/Desktop/projects/softyshop-backend/app/src/v1/usecases/api/store/updateStore.usecase.ts:25:26\n    at async /Users/macmini/Desktop/projects/softyshop-backend/app/src/v1/presenters/controllers/api/store/updateStore.controller.ts:18:22"}
{"level":"error","message":"[ERROR] Cannot read properties of null (reading 'getIdAsNumber')","trace":"TypeError: Cannot read properties of null (reading 'getIdAsNumber')\n    at Object.updateStore (/Users/macmini/Desktop/projects/softyshop-backend/app/src/v1/data/repositories/store.repository.ts:71:19)\n    at /Users/macmini/Desktop/projects/softyshop-backend/app/src/v1/usecases/api/store/updateStore.usecase.ts:25:48\n    at /Users/macmini/Desktop/projects/softyshop-backend/app/src/v1/presenters/controllers/api/store/updateStore.controller.ts:19:28\n    at processTicksAndRejections (node:internal/process/task_queues:95:5)"}
{"level":"error","message":"[ERROR] Cannot read properties of null (reading 'getIdAsNumber')","trace":"TypeError: Cannot read properties of null (reading 'getIdAsNumber')\n    at Object.updateStore (/Users/macmini/Desktop/projects/softyshop-backend/app/src/v1/data/repositories/store.repository.ts:71:19)\n    at /Users/macmini/Desktop/projects/softyshop-backend/app/src/v1/usecases/api/store/updateStore.usecase.ts:25:48\n    at /Users/macmini/Desktop/projects/softyshop-backend/app/src/v1/presenters/controllers/api/store/updateStore.controller.ts:19:28\n    at processTicksAndRejections (node:internal/process/task_queues:95:5)"}
{"level":"error","message":"[ERROR] Cannot read properties of null (reading 'getIdAsNumber')","trace":"TypeError: Cannot read properties of null (reading 'getIdAsNumber')\n    at Object.updateStore (/Users/macmini/Desktop/projects/softyshop-backend/app/src/v1/data/repositories/store.repository.ts:71:19)\n    at /Users/macmini/Desktop/projects/softyshop-backend/app/src/v1/usecases/api/store/updateStore.usecase.ts:25:48\n    at /Users/macmini/Desktop/projects/softyshop-backend/app/src/v1/presenters/controllers/api/store/updateStore.controller.ts:20:28\n    at processTicksAndRejections (node:internal/process/task_queues:95:5)"}
{"level":"error","message":"[ERROR] Cannot read properties of null (reading 'getIdAsNumber')","trace":"TypeError: Cannot read properties of null (reading 'getIdAsNumber')\n    at Object.updateStore (/Users/macmini/Desktop/projects/softyshop-backend/app/src/v1/data/repositories/store.repository.ts:73:19)\n    at /Users/macmini/Desktop/projects/softyshop-backend/app/src/v1/usecases/api/store/updateStore.usecase.ts:25:48\n    at /Users/macmini/Desktop/projects/softyshop-backend/app/src/v1/presenters/controllers/api/store/updateStore.controller.ts:20:28\n    at processTicksAndRejections (node:internal/process/task_queues:95:5)"}
{"level":"error","message":"[ERROR] Cannot read properties of null (reading 'getIdAsNumber')","trace":"TypeError: Cannot read properties of null (reading 'getIdAsNumber')\n    at Object.updateStore (/Users/macmini/Desktop/projects/softyshop-backend/app/src/v1/data/repositories/store.repository.ts:73:19)\n    at /Users/macmini/Desktop/projects/softyshop-backend/app/src/v1/usecases/api/store/updateStore.usecase.ts:25:48\n    at /Users/macmini/Desktop/projects/softyshop-backend/app/src/v1/presenters/controllers/api/store/updateStore.controller.ts:21:28\n    at processTicksAndRejections (node:internal/process/task_queues:95:5)"}
{"level":"error","message":"[ERROR] Store not found","trace":"Error: Store not found\n    at ExceptionsService.badRequestException (/Users/macmini/Desktop/projects/softyshop-backend/app/src/v1/core/errors/exceptions.ts:56:11)\n    at /Users/macmini/Desktop/projects/softyshop-backend/app/src/v1/presenters/controllers/api/store/updateStore.controller.ts:20:26\n    at processTicksAndRejections (node:internal/process/task_queues:95:5)"}
{"level":"error","message":"[ERROR] Store not found"}
{"level":"error","message":"[ERROR] RBAC! You Not Have Role to access this","trace":"Error: RBAC! You Not Have Role to access this\n    at ExceptionsService.unauthorizedException (/Users/macmini/Desktop/projects/softyshop-backend/app/src/v1/core/errors/exceptions.ts:59:11)\n    at /Users/macmini/Desktop/projects/softyshop-backend/app/src/v1/presenters/middlewares/auth/restrictTo.middleware.ts:10:26\n    at Layer.handle [as handle_request] (/Users/macmini/Desktop/projects/softyshop-backend/node_modules/express/lib/router/layer.js:95:5)\n    at next (/Users/macmini/Desktop/projects/softyshop-backend/node_modules/express/lib/router/route.js:144:13)\n    at Route.dispatch (/Users/macmini/Desktop/projects/softyshop-backend/node_modules/express/lib/router/route.js:114:3)\n    at Layer.handle [as handle_request] (/Users/macmini/Desktop/projects/softyshop-backend/node_modules/express/lib/router/layer.js:95:5)\n    at /Users/macmini/Desktop/projects/softyshop-backend/node_modules/express/lib/router/index.js:284:15\n    at Function.process_params (/Users/macmini/Desktop/projects/softyshop-backend/node_modules/express/lib/router/index.js:346:12)\n    at next (/Users/macmini/Desktop/projects/softyshop-backend/node_modules/express/lib/router/index.js:280:10)\n    at isAuthentictedMiddleware (/Users/macmini/Desktop/projects/softyshop-backend/app/src/v1/presenters/middlewares/auth/isAuthenticated.middleware.ts:46:5)"}
{"level":"error","message":"[ERROR] RBAC! You Not Have Role to access this"}
{"level":"error","message":"[ERROR] Store not found","trace":"Error: Store not found\n    at ExceptionsService.badRequestException (/Users/macmini/Desktop/projects/softyshop-backend/app/src/v1/core/errors/exceptions.ts:56:11)\n    at Object.createBrand (/Users/macmini/Desktop/projects/softyshop-backend/app/src/v1/data/repositories/brand.repository.ts:43:24)\n    at processTicksAndRejections (node:internal/process/task_queues:95:5)\n    at async /Users/macmini/Desktop/projects/softyshop-backend/app/src/v1/usecases/api/brands/createBrand.usecase.ts:38:26\n    at async /Users/macmini/Desktop/projects/softyshop-backend/app/src/v1/presenters/controllers/api/brands/createBrand.controller.ts:12:22"}
{"level":"error","message":"[ERROR] Store not found"}
{"level":"error","message":"[ERROR] Store not found","trace":"Error: Store not found\n    at ExceptionsService.badRequestException (/Users/macmini/Desktop/projects/softyshop-backend/app/src/v1/core/errors/exceptions.ts:56:11)\n    at Object.createBrand (/Users/macmini/Desktop/projects/softyshop-backend/app/src/v1/data/repositories/brand.repository.ts:43:24)\n    at processTicksAndRejections (node:internal/process/task_queues:95:5)\n    at async /Users/macmini/Desktop/projects/softyshop-backend/app/src/v1/usecases/api/brands/createBrand.usecase.ts:38:26\n    at async /Users/macmini/Desktop/projects/softyshop-backend/app/src/v1/presenters/controllers/api/brands/createBrand.controller.ts:12:22"}
{"level":"error","message":"[ERROR] Store not found"}
{"level":"error","message":"[ERROR] A product Creator with the given name already exists","trace":"Error: A product Creator with the given name already exists\n    at ExceptionsService.badRequestException (/Users/macmini/Desktop/projects/softyshop-backend/app/src/v1/core/errors/exceptions.ts:56:11)\n    at /Users/macmini/Desktop/projects/softyshop-backend/app/src/v1/usecases/api/productCreator/createProductCreator.usecase.ts:31:24\n    at processTicksAndRejections (node:internal/process/task_queues:95:5)\n    at async /Users/macmini/Desktop/projects/softyshop-backend/app/src/v1/presenters/controllers/api/productCreator/createProductCreator.controller.ts:12:22"}
{"level":"error","message":"[ERROR] A product Creator with the given name already exists"}
{"level":"error","message":"[ERROR] Store not found","trace":"Error: Store not found\n    at ExceptionsService.badRequestException (/Users/macmini/Desktop/projects/softyshop-backend/app/src/v1/core/errors/exceptions.ts:56:11)\n    at Object.createProductCreator (/Users/macmini/Desktop/projects/softyshop-backend/app/src/v1/data/repositories/productCreator.repository.ts:77:24)\n    at processTicksAndRejections (node:internal/process/task_queues:95:5)\n    at async /Users/macmini/Desktop/projects/softyshop-backend/app/src/v1/usecases/api/productCreator/createProductCreator.usecase.ts:38:7\n    at async /Users/macmini/Desktop/projects/softyshop-backend/app/src/v1/presenters/controllers/api/productCreator/createProductCreator.controller.ts:12:22"}
{"level":"error","message":"[ERROR] Store not found"}
