{"level":"error","message":"[ERROR] Validation Error","trace":"Error: Validation Error\n    at ExceptionsService.unprocessabhleEntityException (/Users/macmini/Desktop/projects/softyshop-backend/app/src/v1/core/errors/exceptions.ts:68:11)\n    at /Users/macmini/Desktop/projects/softyshop-backend/app/src/v1/presenters/middlewares/schemas/validateSchema.middleware.ts:39:26\n    at Layer.handle [as handle_request] (/Users/macmini/Desktop/projects/softyshop-backend/node_modules/express/lib/router/layer.js:95:5)\n    at next (/Users/macmini/Desktop/projects/softyshop-backend/node_modules/express/lib/router/route.js:144:13)\n    at next (/Users/macmini/Desktop/projects/softyshop-backend/node_modules/express/lib/router/route.js:140:7)\n    at next (/Users/macmini/Desktop/projects/softyshop-backend/node_modules/express/lib/router/route.js:140:7)\n    at Route.dispatch (/Users/macmini/Desktop/projects/softyshop-backend/node_modules/express/lib/router/route.js:114:3)\n    at Layer.handle [as handle_request] (/Users/macmini/Desktop/projects/softyshop-backend/node_modules/express/lib/router/layer.js:95:5)\n    at /Users/macmini/Desktop/projects/softyshop-backend/node_modules/express/lib/router/index.js:284:15\n    at Function.process_params (/Users/macmini/Desktop/projects/softyshop-backend/node_modules/express/lib/router/index.js:346:12)"}
{"level":"error","message":"[ERROR] Validation Error"}
{"level":"error","message":"[ERROR] RBAC! You Not Have Role to access this","trace":"Error: RBAC! You Not Have Role to access this\n    at ExceptionsService.unauthorizedException (/Users/macmini/Desktop/projects/softyshop-backend/app/src/v1/core/errors/exceptions.ts:59:11)\n    at /Users/macmini/Desktop/projects/softyshop-backend/app/src/v1/presenters/middlewares/auth/restrictTo.middleware.ts:10:26\n    at Layer.handle [as handle_request] (/Users/macmini/Desktop/projects/softyshop-backend/node_modules/express/lib/router/layer.js:95:5)\n    at next (/Users/macmini/Desktop/projects/softyshop-backend/node_modules/express/lib/router/route.js:144:13)\n    at /Users/macmini/Desktop/projects/softyshop-backend/app/src/v1/presenters/middlewares/schemas/validateSchema.middleware.ts:24:7\n    at Layer.handle [as handle_request] (/Users/macmini/Desktop/projects/softyshop-backend/node_modules/express/lib/router/layer.js:95:5)\n    at next (/Users/macmini/Desktop/projects/softyshop-backend/node_modules/express/lib/router/route.js:144:13)\n    at next (/Users/macmini/Desktop/projects/softyshop-backend/node_modules/express/lib/router/route.js:140:7)\n    at next (/Users/macmini/Desktop/projects/softyshop-backend/node_modules/express/lib/router/route.js:140:7)\n    at Route.dispatch (/Users/macmini/Desktop/projects/softyshop-backend/node_modules/express/lib/router/route.js:114:3)"}
{"level":"error","message":"[ERROR] RBAC! You Not Have Role to access this"}
{"level":"error","message":"[ERROR] Table 'softyshop.users' doesn't exist","trace":"QueryFailedError: Table 'softyshop.users' doesn't exist\n    at Query.onResult (/Users/macmini/Desktop/projects/softyshop-backend/node_modules/typeorm/src/driver/mysql/MysqlQueryRunner.ts:222:33)\n    at Query.execute (/Users/macmini/Desktop/projects/softyshop-backend/node_modules/mysql2/lib/commands/command.js:36:14)\n    at PoolConnection.handlePacket (/Users/macmini/Desktop/projects/softyshop-backend/node_modules/mysql2/lib/connection.js:478:34)\n    at PacketParser.onPacket (/Users/macmini/Desktop/projects/softyshop-backend/node_modules/mysql2/lib/connection.js:97:12)\n    at PacketParser.executeStart (/Users/macmini/Desktop/projects/softyshop-backend/node_modules/mysql2/lib/packet_parser.js:75:16)\n    at Socket.<anonymous> (/Users/macmini/Desktop/projects/softyshop-backend/node_modules/mysql2/lib/connection.js:104:25)\n    at Socket.emit (node:events:518:28)\n    at Socket.emit (node:domain:488:12)\n    at addChunk (node:internal/streams/readable:559:12)\n    at readableAddChunkPushByteMode (node:internal/streams/readable:510:3)"}
{"level":"error","message":"[ERROR] Validation Error","trace":"Error: Validation Error\n    at ExceptionsService.unprocessabhleEntityException (/Users/macmini/Desktop/projects/softyshop-backend/app/src/v1/core/errors/exceptions.ts:68:11)\n    at /Users/macmini/Desktop/projects/softyshop-backend/app/src/v1/presenters/middlewares/schemas/validateSchema.middleware.ts:39:26\n    at Layer.handle [as handle_request] (/Users/macmini/Desktop/projects/softyshop-backend/node_modules/express/lib/router/layer.js:95:5)\n    at next (/Users/macmini/Desktop/projects/softyshop-backend/node_modules/express/lib/router/route.js:144:13)\n    at next (/Users/macmini/Desktop/projects/softyshop-backend/node_modules/express/lib/router/route.js:140:7)\n    at next (/Users/macmini/Desktop/projects/softyshop-backend/node_modules/express/lib/router/route.js:140:7)\n    at Route.dispatch (/Users/macmini/Desktop/projects/softyshop-backend/node_modules/express/lib/router/route.js:114:3)\n    at Layer.handle [as handle_request] (/Users/macmini/Desktop/projects/softyshop-backend/node_modules/express/lib/router/layer.js:95:5)\n    at /Users/macmini/Desktop/projects/softyshop-backend/node_modules/express/lib/router/index.js:284:15\n    at Function.process_params (/Users/macmini/Desktop/projects/softyshop-backend/node_modules/express/lib/router/index.js:346:12)"}
{"level":"error","message":"[ERROR] Validation Error"}
{"level":"error","message":"[ERROR] Vendor not found","trace":"Error: Vendor not found\n    at Object.createStore (/Users/macmini/Desktop/projects/softyshop-backend/app/src/v1/data/repositories/store.repository.ts:45:13)\n    at processTicksAndRejections (node:internal/process/task_queues:95:5)\n    at async /Users/macmini/Desktop/projects/softyshop-backend/app/src/v1/usecases/api/store/createStore.usecase.ts:33:26\n    at async /Users/macmini/Desktop/projects/softyshop-backend/app/src/v1/presenters/controllers/api/store/createStore.controller.ts:11:22"}
{"level":"error","message":"[ERROR] Column count doesn't match value count at row 1","trace":"QueryFailedError: Column count doesn't match value count at row 1\n    at Query.onResult (/Users/macmini/Desktop/projects/softyshop-backend/node_modules/typeorm/src/driver/mysql/MysqlQueryRunner.ts:222:33)\n    at Query.execute (/Users/macmini/Desktop/projects/softyshop-backend/node_modules/mysql2/lib/commands/command.js:36:14)\n    at PoolConnection.handlePacket (/Users/macmini/Desktop/projects/softyshop-backend/node_modules/mysql2/lib/connection.js:478:34)\n    at PacketParser.onPacket (/Users/macmini/Desktop/projects/softyshop-backend/node_modules/mysql2/lib/connection.js:97:12)\n    at PacketParser.executeStart (/Users/macmini/Desktop/projects/softyshop-backend/node_modules/mysql2/lib/packet_parser.js:75:16)\n    at Socket.<anonymous> (/Users/macmini/Desktop/projects/softyshop-backend/node_modules/mysql2/lib/connection.js:104:25)\n    at Socket.emit (node:events:518:28)\n    at Socket.emit (node:domain:488:12)\n    at addChunk (node:internal/streams/readable:559:12)\n    at readableAddChunkPushByteMode (node:internal/streams/readable:510:3)"}
{"level":"error","message":"[ERROR] Column count doesn't match value count at row 1","trace":"QueryFailedError: Column count doesn't match value count at row 1\n    at Query.onResult (/Users/macmini/Desktop/projects/softyshop-backend/node_modules/typeorm/src/driver/mysql/MysqlQueryRunner.ts:222:33)\n    at Query.execute (/Users/macmini/Desktop/projects/softyshop-backend/node_modules/mysql2/lib/commands/command.js:36:14)\n    at PoolConnection.handlePacket (/Users/macmini/Desktop/projects/softyshop-backend/node_modules/mysql2/lib/connection.js:478:34)\n    at PacketParser.onPacket (/Users/macmini/Desktop/projects/softyshop-backend/node_modules/mysql2/lib/connection.js:97:12)\n    at PacketParser.executeStart (/Users/macmini/Desktop/projects/softyshop-backend/node_modules/mysql2/lib/packet_parser.js:75:16)\n    at Socket.<anonymous> (/Users/macmini/Desktop/projects/softyshop-backend/node_modules/mysql2/lib/connection.js:104:25)\n    at Socket.emit (node:events:518:28)\n    at Socket.emit (node:domain:488:12)\n    at addChunk (node:internal/streams/readable:559:12)\n    at readableAddChunkPushByteMode (node:internal/streams/readable:510:3)"}
{"level":"error","message":"[ERROR] Column count doesn't match value count at row 1","trace":"QueryFailedError: Column count doesn't match value count at row 1\n    at Query.onResult (/Users/macmini/Desktop/projects/softyshop-backend/node_modules/typeorm/src/driver/mysql/MysqlQueryRunner.ts:222:33)\n    at Query.execute (/Users/macmini/Desktop/projects/softyshop-backend/node_modules/mysql2/lib/commands/command.js:36:14)\n    at PoolConnection.handlePacket (/Users/macmini/Desktop/projects/softyshop-backend/node_modules/mysql2/lib/connection.js:478:34)\n    at PacketParser.onPacket (/Users/macmini/Desktop/projects/softyshop-backend/node_modules/mysql2/lib/connection.js:97:12)\n    at PacketParser.executeStart (/Users/macmini/Desktop/projects/softyshop-backend/node_modules/mysql2/lib/packet_parser.js:75:16)\n    at Socket.<anonymous> (/Users/macmini/Desktop/projects/softyshop-backend/node_modules/mysql2/lib/connection.js:104:25)\n    at Socket.emit (node:events:518:28)\n    at Socket.emit (node:domain:488:12)\n    at addChunk (node:internal/streams/readable:559:12)\n    at readableAddChunkPushByteMode (node:internal/streams/readable:510:3)"}
{"level":"error","message":"[ERROR] Column count doesn't match value count at row 1","trace":"QueryFailedError: Column count doesn't match value count at row 1\n    at Query.onResult (/Users/macmini/Desktop/projects/softyshop-backend/node_modules/typeorm/src/driver/mysql/MysqlQueryRunner.ts:222:33)\n    at Query.execute (/Users/macmini/Desktop/projects/softyshop-backend/node_modules/mysql2/lib/commands/command.js:36:14)\n    at PoolConnection.handlePacket (/Users/macmini/Desktop/projects/softyshop-backend/node_modules/mysql2/lib/connection.js:478:34)\n    at PacketParser.onPacket (/Users/macmini/Desktop/projects/softyshop-backend/node_modules/mysql2/lib/connection.js:97:12)\n    at PacketParser.executeStart (/Users/macmini/Desktop/projects/softyshop-backend/node_modules/mysql2/lib/packet_parser.js:75:16)\n    at Socket.<anonymous> (/Users/macmini/Desktop/projects/softyshop-backend/node_modules/mysql2/lib/connection.js:104:25)\n    at Socket.emit (node:events:518:28)\n    at Socket.emit (node:domain:488:12)\n    at addChunk (node:internal/streams/readable:559:12)\n    at readableAddChunkPushByteMode (node:internal/streams/readable:510:3)"}
{"level":"error","message":"[ERROR] Column count doesn't match value count at row 1","trace":"QueryFailedError: Column count doesn't match value count at row 1\n    at Query.onResult (/Users/macmini/Desktop/projects/softyshop-backend/node_modules/typeorm/src/driver/mysql/MysqlQueryRunner.ts:222:33)\n    at Query.execute (/Users/macmini/Desktop/projects/softyshop-backend/node_modules/mysql2/lib/commands/command.js:36:14)\n    at PoolConnection.handlePacket (/Users/macmini/Desktop/projects/softyshop-backend/node_modules/mysql2/lib/connection.js:478:34)\n    at PacketParser.onPacket (/Users/macmini/Desktop/projects/softyshop-backend/node_modules/mysql2/lib/connection.js:97:12)\n    at PacketParser.executeStart (/Users/macmini/Desktop/projects/softyshop-backend/node_modules/mysql2/lib/packet_parser.js:75:16)\n    at Socket.<anonymous> (/Users/macmini/Desktop/projects/softyshop-backend/node_modules/mysql2/lib/connection.js:104:25)\n    at Socket.emit (node:events:518:28)\n    at Socket.emit (node:domain:488:12)\n    at addChunk (node:internal/streams/readable:559:12)\n    at readableAddChunkPushByteMode (node:internal/streams/readable:510:3)"}
{"level":"error","message":"[ERROR] No metadata for \"StoreEntity\" was found.","trace":"EntityMetadataNotFoundError: No metadata for \"StoreEntity\" was found.\n    at DataSource.getMetadata (/Users/macmini/Desktop/projects/softyshop-backend/node_modules/src/data-source/DataSource.ts:444:30)\n    at EntityManager.find (/Users/macmini/Desktop/projects/softyshop-backend/node_modules/src/entity-manager/EntityManager.ts:1076:42)\n    at Object.findAll (/Users/macmini/Desktop/projects/softyshop-backend/app/src/v1/data/repositories/store.repository.ts:28:39)\n    at /Users/macmini/Desktop/projects/softyshop-backend/app/src/v1/usecases/api/store/createStore.usecase.ts:23:53\n    at /Users/macmini/Desktop/projects/softyshop-backend/app/src/v1/presenters/controllers/api/store/createStore.controller.ts:11:28\n    at Layer.handle [as handle_request] (/Users/macmini/Desktop/projects/softyshop-backend/node_modules/express/lib/router/layer.js:95:5)\n    at next (/Users/macmini/Desktop/projects/softyshop-backend/node_modules/express/lib/router/route.js:144:13)\n    at /Users/macmini/Desktop/projects/softyshop-backend/app/src/v1/presenters/middlewares/auth/restrictTo.middleware.ts:14:7\n    at Layer.handle [as handle_request] (/Users/macmini/Desktop/projects/softyshop-backend/node_modules/express/lib/router/layer.js:95:5)\n    at next (/Users/macmini/Desktop/projects/softyshop-backend/node_modules/express/lib/router/route.js:144:13)"}
{"level":"error","message":"[ERROR] Column count doesn't match value count at row 1","trace":"QueryFailedError: Column count doesn't match value count at row 1\n    at Query.onResult (/Users/macmini/Desktop/projects/softyshop-backend/node_modules/typeorm/src/driver/mysql/MysqlQueryRunner.ts:222:33)\n    at Query.execute (/Users/macmini/Desktop/projects/softyshop-backend/node_modules/mysql2/lib/commands/command.js:36:14)\n    at PoolConnection.handlePacket (/Users/macmini/Desktop/projects/softyshop-backend/node_modules/mysql2/lib/connection.js:478:34)\n    at PacketParser.onPacket (/Users/macmini/Desktop/projects/softyshop-backend/node_modules/mysql2/lib/connection.js:97:12)\n    at PacketParser.executeStart (/Users/macmini/Desktop/projects/softyshop-backend/node_modules/mysql2/lib/packet_parser.js:75:16)\n    at Socket.<anonymous> (/Users/macmini/Desktop/projects/softyshop-backend/node_modules/mysql2/lib/connection.js:104:25)\n    at Socket.emit (node:events:518:28)\n    at Socket.emit (node:domain:488:12)\n    at addChunk (node:internal/streams/readable:559:12)\n    at readableAddChunkPushByteMode (node:internal/streams/readable:510:3)"}
{"level":"error","message":"[ERROR] Column count doesn't match value count at row 1","trace":"QueryFailedError: Column count doesn't match value count at row 1\n    at Query.onResult (/Users/macmini/Desktop/projects/softyshop-backend/node_modules/typeorm/src/driver/mysql/MysqlQueryRunner.ts:222:33)\n    at Query.execute (/Users/macmini/Desktop/projects/softyshop-backend/node_modules/mysql2/lib/commands/command.js:36:14)\n    at PoolConnection.handlePacket (/Users/macmini/Desktop/projects/softyshop-backend/node_modules/mysql2/lib/connection.js:478:34)\n    at PacketParser.onPacket (/Users/macmini/Desktop/projects/softyshop-backend/node_modules/mysql2/lib/connection.js:97:12)\n    at PacketParser.executeStart (/Users/macmini/Desktop/projects/softyshop-backend/node_modules/mysql2/lib/packet_parser.js:75:16)\n    at Socket.<anonymous> (/Users/macmini/Desktop/projects/softyshop-backend/node_modules/mysql2/lib/connection.js:104:25)\n    at Socket.emit (node:events:518:28)\n    at Socket.emit (node:domain:488:12)\n    at addChunk (node:internal/streams/readable:559:12)\n    at readableAddChunkPushByteMode (node:internal/streams/readable:510:3)"}
{"level":"error","message":"[ERROR] Column count doesn't match value count at row 1","trace":"QueryFailedError: Column count doesn't match value count at row 1\n    at Query.onResult (/Users/macmini/Desktop/projects/softyshop-backend/node_modules/typeorm/src/driver/mysql/MysqlQueryRunner.ts:222:33)\n    at Query.execute (/Users/macmini/Desktop/projects/softyshop-backend/node_modules/mysql2/lib/commands/command.js:36:14)\n    at PoolConnection.handlePacket (/Users/macmini/Desktop/projects/softyshop-backend/node_modules/mysql2/lib/connection.js:478:34)\n    at PacketParser.onPacket (/Users/macmini/Desktop/projects/softyshop-backend/node_modules/mysql2/lib/connection.js:97:12)\n    at PacketParser.executeStart (/Users/macmini/Desktop/projects/softyshop-backend/node_modules/mysql2/lib/packet_parser.js:75:16)\n    at Socket.<anonymous> (/Users/macmini/Desktop/projects/softyshop-backend/node_modules/mysql2/lib/connection.js:104:25)\n    at Socket.emit (node:events:518:28)\n    at Socket.emit (node:domain:488:12)\n    at addChunk (node:internal/streams/readable:559:12)\n    at readableAddChunkPushByteMode (node:internal/streams/readable:510:3)"}
{"level":"error","message":"[ERROR] Column count doesn't match value count at row 1","trace":"QueryFailedError: Column count doesn't match value count at row 1\n    at Query.onResult (/Users/macmini/Desktop/projects/softyshop-backend/node_modules/typeorm/src/driver/mysql/MysqlQueryRunner.ts:222:33)\n    at Query.execute (/Users/macmini/Desktop/projects/softyshop-backend/node_modules/mysql2/lib/commands/command.js:36:14)\n    at PoolConnection.handlePacket (/Users/macmini/Desktop/projects/softyshop-backend/node_modules/mysql2/lib/connection.js:478:34)\n    at PacketParser.onPacket (/Users/macmini/Desktop/projects/softyshop-backend/node_modules/mysql2/lib/connection.js:97:12)\n    at PacketParser.executeStart (/Users/macmini/Desktop/projects/softyshop-backend/node_modules/mysql2/lib/packet_parser.js:75:16)\n    at Socket.<anonymous> (/Users/macmini/Desktop/projects/softyshop-backend/node_modules/mysql2/lib/connection.js:104:25)\n    at Socket.emit (node:events:518:28)\n    at Socket.emit (node:domain:488:12)\n    at addChunk (node:internal/streams/readable:559:12)\n    at readableAddChunkPushByteMode (node:internal/streams/readable:510:3)"}
{"level":"error","message":"[ERROR] Table 'softyshop.users' doesn't exist","trace":"QueryFailedError: Table 'softyshop.users' doesn't exist\n    at Query.onResult (/Users/macmini/Desktop/projects/softyshop-backend/node_modules/typeorm/src/driver/mysql/MysqlQueryRunner.ts:222:33)\n    at Query.execute (/Users/macmini/Desktop/projects/softyshop-backend/node_modules/mysql2/lib/commands/command.js:36:14)\n    at PoolConnection.handlePacket (/Users/macmini/Desktop/projects/softyshop-backend/node_modules/mysql2/lib/connection.js:478:34)\n    at PacketParser.onPacket (/Users/macmini/Desktop/projects/softyshop-backend/node_modules/mysql2/lib/connection.js:97:12)\n    at PacketParser.executeStart (/Users/macmini/Desktop/projects/softyshop-backend/node_modules/mysql2/lib/packet_parser.js:75:16)\n    at Socket.<anonymous> (/Users/macmini/Desktop/projects/softyshop-backend/node_modules/mysql2/lib/connection.js:104:25)\n    at Socket.emit (node:events:518:28)\n    at Socket.emit (node:domain:488:12)\n    at addChunk (node:internal/streams/readable:559:12)\n    at readableAddChunkPushByteMode (node:internal/streams/readable:510:3)"}
{"level":"error","message":"[ERROR] Vendor not found","trace":"Error: Vendor not found\n    at Object.createStore (/Users/macmini/Desktop/projects/softyshop-backend/app/src/v1/data/repositories/store.repository.ts:46:13)\n    at processTicksAndRejections (node:internal/process/task_queues:95:5)\n    at async /Users/macmini/Desktop/projects/softyshop-backend/app/src/v1/usecases/api/store/createStore.usecase.ts:34:26\n    at async /Users/macmini/Desktop/projects/softyshop-backend/app/src/v1/presenters/controllers/api/store/createStore.controller.ts:11:22"}
{"level":"error","message":"[ERROR] Vendor not found","trace":"Error: Vendor not found\n    at Object.createStore (/Users/macmini/Desktop/projects/softyshop-backend/app/src/v1/data/repositories/store.repository.ts:46:13)\n    at processTicksAndRejections (node:internal/process/task_queues:95:5)\n    at async /Users/macmini/Desktop/projects/softyshop-backend/app/src/v1/usecases/api/store/createStore.usecase.ts:34:26\n    at async /Users/macmini/Desktop/projects/softyshop-backend/app/src/v1/presenters/controllers/api/store/createStore.controller.ts:11:22"}
{"level":"error","message":"[ERROR] RBAC! You Not Have Role to access this","trace":"Error: RBAC! You Not Have Role to access this\n    at ExceptionsService.unauthorizedException (/Users/macmini/Desktop/projects/softyshop-backend/app/src/v1/core/errors/exceptions.ts:59:11)\n    at /Users/macmini/Desktop/projects/softyshop-backend/app/src/v1/presenters/middlewares/auth/restrictTo.middleware.ts:10:26\n    at Layer.handle [as handle_request] (/Users/macmini/Desktop/projects/softyshop-backend/node_modules/express/lib/router/layer.js:95:5)\n    at next (/Users/macmini/Desktop/projects/softyshop-backend/node_modules/express/lib/router/route.js:144:13)\n    at Route.dispatch (/Users/macmini/Desktop/projects/softyshop-backend/node_modules/express/lib/router/route.js:114:3)\n    at Layer.handle [as handle_request] (/Users/macmini/Desktop/projects/softyshop-backend/node_modules/express/lib/router/layer.js:95:5)\n    at /Users/macmini/Desktop/projects/softyshop-backend/node_modules/express/lib/router/index.js:284:15\n    at Function.process_params (/Users/macmini/Desktop/projects/softyshop-backend/node_modules/express/lib/router/index.js:346:12)\n    at next (/Users/macmini/Desktop/projects/softyshop-backend/node_modules/express/lib/router/index.js:280:10)\n    at isAuthentictedMiddleware (/Users/macmini/Desktop/projects/softyshop-backend/app/src/v1/presenters/middlewares/auth/isAuthenticated.middleware.ts:47:5)"}
{"level":"error","message":"[ERROR] RBAC! You Not Have Role to access this"}
{"level":"error","message":"[ERROR] RBAC! You Not Have Role to access this","trace":"Error: RBAC! You Not Have Role to access this\n    at ExceptionsService.unauthorizedException (/Users/macmini/Desktop/projects/softyshop-backend/app/src/v1/core/errors/exceptions.ts:59:11)\n    at /Users/macmini/Desktop/projects/softyshop-backend/app/src/v1/presenters/middlewares/auth/restrictTo.middleware.ts:10:26\n    at Layer.handle [as handle_request] (/Users/macmini/Desktop/projects/softyshop-backend/node_modules/express/lib/router/layer.js:95:5)\n    at next (/Users/macmini/Desktop/projects/softyshop-backend/node_modules/express/lib/router/route.js:144:13)\n    at Route.dispatch (/Users/macmini/Desktop/projects/softyshop-backend/node_modules/express/lib/router/route.js:114:3)\n    at Layer.handle [as handle_request] (/Users/macmini/Desktop/projects/softyshop-backend/node_modules/express/lib/router/layer.js:95:5)\n    at /Users/macmini/Desktop/projects/softyshop-backend/node_modules/express/lib/router/index.js:284:15\n    at Function.process_params (/Users/macmini/Desktop/projects/softyshop-backend/node_modules/express/lib/router/index.js:346:12)\n    at next (/Users/macmini/Desktop/projects/softyshop-backend/node_modules/express/lib/router/index.js:280:10)\n    at isAuthentictedMiddleware (/Users/macmini/Desktop/projects/softyshop-backend/app/src/v1/presenters/middlewares/auth/isAuthenticated.middleware.ts:47:5)"}
{"level":"error","message":"[ERROR] RBAC! You Not Have Role to access this"}
{"level":"error","message":"[ERROR] A store With The Given Name Already Exists","trace":"Error: A store With The Given Name Already Exists\n    at ExceptionsService.badRequestException (/Users/macmini/Desktop/projects/softyshop-backend/app/src/v1/core/errors/exceptions.ts:56:11)\n    at /Users/macmini/Desktop/projects/softyshop-backend/app/src/v1/usecases/api/store/createStore.usecase.ts:28:24\n    at processTicksAndRejections (node:internal/process/task_queues:95:5)\n    at async /Users/macmini/Desktop/projects/softyshop-backend/app/src/v1/presenters/controllers/api/store/createStore.controller.ts:11:22"}
{"level":"error","message":"[ERROR] A store With The Given Name Already Exists"}
{"level":"error","message":"[ERROR] Property \"name\" was not found in \"StoreEntity\". Make sure your query is correct.","trace":"EntityPropertyNotFoundError: Property \"name\" was not found in \"StoreEntity\". Make sure your query is correct.\n    at /Users/macmini/Desktop/projects/softyshop-backend/node_modules/src/query-builder/UpdateQueryBuilder.ts:500:31\n    at Array.forEach (<anonymous>)\n    at UpdateQueryBuilder.createUpdateExpression (/Users/macmini/Desktop/projects/softyshop-backend/node_modules/src/query-builder/UpdateQueryBuilder.ts:493:68)\n    at UpdateQueryBuilder.getQuery (/Users/macmini/Desktop/projects/softyshop-backend/node_modules/src/query-builder/UpdateQueryBuilder.ts:53:21)\n    at UpdateQueryBuilder.getQueryAndParameters (/Users/macmini/Desktop/projects/softyshop-backend/node_modules/src/query-builder/QueryBuilder.ts:507:28)\n    at UpdateQueryBuilder.execute (/Users/macmini/Desktop/projects/softyshop-backend/node_modules/src/query-builder/UpdateQueryBuilder.ts:142:50)\n    at processTicksAndRejections (node:internal/process/task_queues:95:5)\n    at async Object.updateStore (/Users/macmini/Desktop/projects/softyshop-backend/app/src/v1/data/repositories/store.repository.ts:68:5)\n    at async /Users/macmini/Desktop/projects/softyshop-backend/app/src/v1/usecases/api/store/updateStore.usecase.ts:12:26\n    at async /Users/macmini/Desktop/projects/softyshop-backend/app/src/v1/presenters/controllers/api/store/updateStore.controller.ts:18:22"}
{"level":"error","message":"[ERROR] You have an error in your SQL syntax; check the manual that corresponds to your MySQL server version for the right syntax to use near ''www.instagram.com', `updatedAt` = CURRENT_TIMESTAMP WHERE `id` = 1' at line 1","trace":"QueryFailedError: You have an error in your SQL syntax; check the manual that corresponds to your MySQL server version for the right syntax to use near ''www.instagram.com', `updatedAt` = CURRENT_TIMESTAMP WHERE `id` = 1' at line 1\n    at Query.onResult (/Users/macmini/Desktop/projects/softyshop-backend/node_modules/typeorm/src/driver/mysql/MysqlQueryRunner.ts:222:33)\n    at Query.execute (/Users/macmini/Desktop/projects/softyshop-backend/node_modules/mysql2/lib/commands/command.js:36:14)\n    at PoolConnection.handlePacket (/Users/macmini/Desktop/projects/softyshop-backend/node_modules/mysql2/lib/connection.js:478:34)\n    at PacketParser.onPacket (/Users/macmini/Desktop/projects/softyshop-backend/node_modules/mysql2/lib/connection.js:97:12)\n    at PacketParser.executeStart (/Users/macmini/Desktop/projects/softyshop-backend/node_modules/mysql2/lib/packet_parser.js:75:16)\n    at Socket.<anonymous> (/Users/macmini/Desktop/projects/softyshop-backend/node_modules/mysql2/lib/connection.js:104:25)\n    at Socket.emit (node:events:518:28)\n    at Socket.emit (node:domain:488:12)\n    at addChunk (node:internal/streams/readable:559:12)\n    at readableAddChunkPushByteMode (node:internal/streams/readable:510:3)"}
{"level":"error","message":"[ERROR] You have an error in your SQL syntax; check the manual that corresponds to your MySQL server version for the right syntax to use near ''www.instagram.com', `updatedAt` = CURRENT_TIMESTAMP WHERE `id` = 1' at line 1","trace":"QueryFailedError: You have an error in your SQL syntax; check the manual that corresponds to your MySQL server version for the right syntax to use near ''www.instagram.com', `updatedAt` = CURRENT_TIMESTAMP WHERE `id` = 1' at line 1\n    at Query.onResult (/Users/macmini/Desktop/projects/softyshop-backend/node_modules/typeorm/src/driver/mysql/MysqlQueryRunner.ts:222:33)\n    at Query.execute (/Users/macmini/Desktop/projects/softyshop-backend/node_modules/mysql2/lib/commands/command.js:36:14)\n    at PoolConnection.handlePacket (/Users/macmini/Desktop/projects/softyshop-backend/node_modules/mysql2/lib/connection.js:478:34)\n    at PacketParser.onPacket (/Users/macmini/Desktop/projects/softyshop-backend/node_modules/mysql2/lib/connection.js:97:12)\n    at PacketParser.executeStart (/Users/macmini/Desktop/projects/softyshop-backend/node_modules/mysql2/lib/packet_parser.js:75:16)\n    at Socket.<anonymous> (/Users/macmini/Desktop/projects/softyshop-backend/node_modules/mysql2/lib/connection.js:104:25)\n    at Socket.emit (node:events:518:28)\n    at Socket.emit (node:domain:488:12)\n    at addChunk (node:internal/streams/readable:559:12)\n    at readableAddChunkPushByteMode (node:internal/streams/readable:510:3)"}
{"level":"error","message":"[ERROR] RBAC! You Not Have Role to access this","trace":"Error: RBAC! You Not Have Role to access this\n    at ExceptionsService.unauthorizedException (/Users/macmini/Desktop/projects/softyshop-backend/app/src/v1/core/errors/exceptions.ts:59:11)\n    at /Users/macmini/Desktop/projects/softyshop-backend/app/src/v1/presenters/middlewares/auth/restrictTo.middleware.ts:10:26\n    at Layer.handle [as handle_request] (/Users/macmini/Desktop/projects/softyshop-backend/node_modules/express/lib/router/layer.js:95:5)\n    at next (/Users/macmini/Desktop/projects/softyshop-backend/node_modules/express/lib/router/route.js:144:13)\n    at Route.dispatch (/Users/macmini/Desktop/projects/softyshop-backend/node_modules/express/lib/router/route.js:114:3)\n    at Layer.handle [as handle_request] (/Users/macmini/Desktop/projects/softyshop-backend/node_modules/express/lib/router/layer.js:95:5)\n    at /Users/macmini/Desktop/projects/softyshop-backend/node_modules/express/lib/router/index.js:284:15\n    at Function.process_params (/Users/macmini/Desktop/projects/softyshop-backend/node_modules/express/lib/router/index.js:346:12)\n    at next (/Users/macmini/Desktop/projects/softyshop-backend/node_modules/express/lib/router/index.js:280:10)\n    at /Users/macmini/Desktop/projects/softyshop-backend/app/src/v1/presenters/middlewares/auth/restrictTo.middleware.ts:14:7"}
{"level":"error","message":"[ERROR] RBAC! You Not Have Role to access this"}
{"level":"error","message":"[ERROR] Validation Error","trace":"Error: Validation Error\n    at ExceptionsService.unprocessabhleEntityException (/Users/macmini/Desktop/projects/softyshop-backend/app/src/v1/core/errors/exceptions.ts:68:11)\n    at validatePayloadSchema (/Users/macmini/Desktop/projects/softyshop-backend/app/src/v1/utils/validation/validate.schema.ts:37:24)\n    at trimAndValidateSchemaPayload (/Users/macmini/Desktop/projects/softyshop-backend/app/src/v1/utils/validation/validate.schema.ts:10:24)\n    at validateCreateCategoryPayload (/Users/macmini/Desktop/projects/softyshop-backend/app/src/v1/usecases/api/category/createCategory.usecase.ts:44:31)\n    at /Users/macmini/Desktop/projects/softyshop-backend/app/src/v1/usecases/api/category/createCategory.usecase.ts:30:5\n    at processTicksAndRejections (node:internal/process/task_queues:95:5)\n    at async /Users/macmini/Desktop/projects/softyshop-backend/app/src/v1/presenters/controllers/api/category/createCategory.controller.ts:11:22"}
{"level":"error","message":"[ERROR] Validation Error"}
{"level":"error","message":"[ERROR] Table 'softyshop.categories' doesn't exist","trace":"QueryFailedError: Table 'softyshop.categories' doesn't exist\n    at Query.onResult (/Users/macmini/Desktop/projects/softyshop-backend/node_modules/typeorm/src/driver/mysql/MysqlQueryRunner.ts:222:33)\n    at Query.execute (/Users/macmini/Desktop/projects/softyshop-backend/node_modules/mysql2/lib/commands/command.js:36:14)\n    at PoolConnection.handlePacket (/Users/macmini/Desktop/projects/softyshop-backend/node_modules/mysql2/lib/connection.js:478:34)\n    at PacketParser.onPacket (/Users/macmini/Desktop/projects/softyshop-backend/node_modules/mysql2/lib/connection.js:97:12)\n    at PacketParser.executeStart (/Users/macmini/Desktop/projects/softyshop-backend/node_modules/mysql2/lib/packet_parser.js:75:16)\n    at Socket.<anonymous> (/Users/macmini/Desktop/projects/softyshop-backend/node_modules/mysql2/lib/connection.js:104:25)\n    at Socket.emit (node:events:518:28)\n    at Socket.emit (node:domain:488:12)\n    at addChunk (node:internal/streams/readable:559:12)\n    at readableAddChunkPushByteMode (node:internal/streams/readable:510:3)"}
{"level":"error","message":"[ERROR] Payment Method not found","trace":"Error: Payment Method not found\n    at ExceptionsService.notFoundException (/Users/macmini/Desktop/projects/softyshop-backend/app/src/v1/core/errors/exceptions.ts:62:11)\n    at /Users/macmini/Desktop/projects/softyshop-backend/app/src/v1/usecases/api/paymentMethod/deleteMethod.usecase.ts:28:24\n    at processTicksAndRejections (node:internal/process/task_queues:95:5)\n    at async /Users/macmini/Desktop/projects/softyshop-backend/app/src/v1/presenters/controllers/api/paymentMethod/deleteMethod.controller.ts:11:22"}
{"level":"error","message":"[ERROR] Payment Method not found"}
{"level":"error","message":"[ERROR] Cannot read properties of null (reading 'getIdAsNumber')","trace":"TypeError: Cannot read properties of null (reading 'getIdAsNumber')\n    at Object.updatePaymentMethod (/Users/macmini/Desktop/projects/softyshop-backend/app/src/v1/data/repositories/paymentMethod.repository.ts:74:29)\n    at /Users/macmini/Desktop/projects/softyshop-backend/app/src/v1/usecases/api/paymentMethod/updateMethod.usecase.ts:15:64\n    at /Users/macmini/Desktop/projects/softyshop-backend/app/src/v1/presenters/controllers/api/paymentMethod/updateMethod.controller.ts:20:28\n    at processTicksAndRejections (node:internal/process/task_queues:95:5)"}
{"level":"error","message":"[ERROR] No payment method found with id undefined","trace":"Error: No payment method found with id undefined\n    at ExceptionsService.notFoundException (/Users/macmini/Desktop/projects/softyshop-backend/app/src/v1/core/errors/exceptions.ts:62:11)\n    at /Users/macmini/Desktop/projects/softyshop-backend/app/src/v1/presenters/controllers/api/paymentMethod/updateMethod.controller.ts:19:26\n    at processTicksAndRejections (node:internal/process/task_queues:95:5)"}
{"level":"error","message":"[ERROR] No payment method found with id undefined"}
